TN:
SF:controllers\authController.js
FN:12,(anonymous_0)
FN:143,(anonymous_1)
FN:254,(anonymous_2)
FN:278,(anonymous_3)
FN:329,(anonymous_4)
FN:338,(anonymous_5)
FN:365,(anonymous_6)
FN:429,(anonymous_7)
FN:496,(anonymous_8)
FN:546,(anonymous_9)
FN:616,(anonymous_10)
FN:645,(anonymous_11)
FNF:12
FNH:5
FNDA:3,(anonymous_0)
FNDA:3,(anonymous_1)
FNDA:0,(anonymous_2)
FNDA:0,(anonymous_3)
FNDA:0,(anonymous_4)
FNDA:0,(anonymous_5)
FNDA:2,(anonymous_6)
FNDA:2,(anonymous_7)
FNDA:2,(anonymous_8)
FNDA:0,(anonymous_9)
FNDA:0,(anonymous_10)
FNDA:0,(anonymous_11)
DA:1,1
DA:2,1
DA:3,1
DA:4,1
DA:5,1
DA:6,1
DA:13,3
DA:24,3
DA:27,3
DA:28,3
DA:29,1
DA:36,2
DA:37,2
DA:38,2
DA:39,0
DA:47,2
DA:48,2
DA:49,1
DA:56,1
DA:57,1
DA:60,1
DA:61,1
DA:64,1
DA:80,1
DA:81,1
DA:84,1
DA:85,1
DA:95,0
DA:100,1
DA:106,1
DA:117,1
DA:118,1
DA:119,1
DA:120,1
DA:122,1
DA:132,0
DA:133,0
DA:144,3
DA:145,3
DA:148,3
DA:153,3
DA:154,1
DA:161,2
DA:162,0
DA:169,2
DA:170,2
DA:171,1
DA:178,1
DA:179,0
DA:187,1
DA:188,1
DA:189,1
DA:192,1
DA:203,1
DA:213,1
DA:214,1
DA:219,1
DA:222,1
DA:228,1
DA:229,1
DA:230,1
DA:232,1
DA:243,0
DA:244,0
DA:255,0
DA:256,0
DA:258,0
DA:259,0
DA:266,0
DA:268,0
DA:269,0
DA:270,0
DA:277,0
DA:278,0
DA:281,0
DA:282,0
DA:289,0
DA:300,0
DA:302,0
DA:311,0
DA:312,0
DA:318,0
DA:319,0
DA:330,0
DA:331,0
DA:332,0
DA:334,0
DA:335,0
DA:337,0
DA:338,0
DA:340,0
DA:344,0
DA:345,0
DA:348,0
DA:354,0
DA:355,0
DA:366,2
DA:367,2
DA:369,2
DA:374,2
DA:376,1
DA:383,1
DA:384,1
DA:386,1
DA:387,1
DA:388,1
DA:391,1
DA:392,1
DA:402,0
DA:403,0
DA:410,1
DA:412,1
DA:418,0
DA:419,0
DA:430,2
DA:431,2
DA:434,2
DA:439,2
DA:445,2
DA:446,1
DA:453,1
DA:454,1
DA:458,1
DA:473,1
DA:474,1
DA:477,1
DA:479,1
DA:485,0
DA:486,0
DA:497,2
DA:498,2
DA:501,2
DA:506,2
DA:512,2
DA:513,1
DA:520,1
DA:521,1
DA:522,1
DA:523,1
DA:524,1
DA:527,1
DA:529,1
DA:535,0
DA:536,0
DA:547,0
DA:548,0
DA:550,0
DA:555,0
DA:556,0
DA:562,0
DA:563,0
DA:570,0
DA:571,0
DA:573,0
DA:574,0
DA:575,0
DA:578,0
DA:579,0
DA:589,0
DA:590,0
DA:597,0
DA:599,0
DA:605,0
DA:606,0
DA:617,0
DA:618,0
DA:621,0
DA:622,0
DA:628,0
DA:634,0
DA:635,0
DA:646,0
DA:647,0
DA:649,0
DA:650,0
DA:651,0
DA:658,0
DA:659,0
DA:660,0
DA:667,0
DA:668,0
DA:671,0
DA:672,0
DA:675,0
DA:677,0
DA:680,0
DA:682,0
DA:688,0
DA:689,0
DA:697,1
LF:190
LH:97
BRDA:19,0,0,0
BRDA:28,1,0,1
BRDA:28,1,1,2
BRDA:36,2,0,2
BRDA:36,2,1,0
BRDA:38,3,0,0
BRDA:38,3,1,2
BRDA:48,4,0,1
BRDA:48,4,1,1
BRDA:70,5,0,0
BRDA:70,5,1,1
BRDA:153,6,0,1
BRDA:153,6,1,2
BRDA:161,7,0,0
BRDA:161,7,1,2
BRDA:170,8,0,1
BRDA:170,8,1,1
BRDA:178,9,0,0
BRDA:178,9,1,1
BRDA:178,10,0,1
BRDA:178,10,1,1
BRDA:188,11,0,1
BRDA:188,11,1,1
BRDA:213,12,0,1
BRDA:213,12,1,0
BRDA:258,13,0,0
BRDA:258,13,1,0
BRDA:269,14,0,0
BRDA:269,14,1,0
BRDA:269,15,0,0
BRDA:269,15,1,0
BRDA:278,16,0,0
BRDA:278,16,1,0
BRDA:281,17,0,0
BRDA:281,17,1,0
BRDA:311,18,0,0
BRDA:311,18,1,0
BRDA:335,19,0,0
BRDA:335,19,1,0
BRDA:335,20,0,0
BRDA:335,20,1,0
BRDA:344,21,0,0
BRDA:344,21,1,0
BRDA:374,22,0,1
BRDA:374,22,1,1
BRDA:445,23,0,1
BRDA:445,23,1,1
BRDA:512,24,0,1
BRDA:512,24,1,1
BRDA:555,25,0,0
BRDA:555,25,1,0
BRDA:562,26,0,0
BRDA:562,26,1,0
BRDA:621,27,0,0
BRDA:621,27,1,0
BRDA:650,28,0,0
BRDA:650,28,1,0
BRDA:659,29,0,0
BRDA:659,29,1,0
BRF:59
BRH:24
end_of_record
TN:
SF:controllers\bookingController.js
FN:11,(anonymous_0)
FN:88,(anonymous_1)
FN:131,(anonymous_2)
FN:267,(anonymous_3)
FN:336,(anonymous_4)
FN:379,(anonymous_5)
FN:486,(anonymous_6)
FN:566,(anonymous_7)
FN:602,(anonymous_8)
FN:649,(anonymous_9)
FN:681,(anonymous_10)
FN:692,(anonymous_11)
FN:738,(anonymous_12)
FNF:13
FNH:0
FNDA:0,(anonymous_0)
FNDA:0,(anonymous_1)
FNDA:0,(anonymous_2)
FNDA:0,(anonymous_3)
FNDA:0,(anonymous_4)
FNDA:0,(anonymous_5)
FNDA:0,(anonymous_6)
FNDA:0,(anonymous_7)
FNDA:0,(anonymous_8)
FNDA:0,(anonymous_9)
FNDA:0,(anonymous_10)
FNDA:0,(anonymous_11)
FNDA:0,(anonymous_12)
DA:1,0
DA:2,0
DA:3,0
DA:4,0
DA:5,0
DA:12,0
DA:24,0
DA:27,0
DA:29,0
DA:30,0
DA:31,0
DA:32,0
DA:33,0
DA:34,0
DA:35,0
DA:36,0
DA:40,0
DA:41,0
DA:42,0
DA:43,0
DA:48,0
DA:50,0
DA:65,0
DA:77,0
DA:78,0
DA:89,0
DA:90,0
DA:95,0
DA:96,0
DA:103,0
DA:107,0
DA:108,0
DA:114,0
DA:120,0
DA:121,0
DA:132,0
DA:141,0
DA:144,0
DA:145,0
DA:146,0
DA:153,0
DA:154,0
DA:155,0
DA:162,0
DA:163,0
DA:164,0
DA:171,0
DA:172,0
DA:173,0
DA:174,0
DA:181,0
DA:188,0
DA:189,0
DA:199,0
DA:213,0
DA:214,0
DA:217,0
DA:225,0
DA:226,0
DA:240,0
DA:244,0
DA:249,0
DA:256,0
DA:257,0
DA:268,0
DA:269,0
DA:270,0
DA:271,0
DA:278,0
DA:282,0
DA:283,0
DA:290,0
DA:291,0
DA:304,0
DA:307,0
DA:308,0
DA:309,0
DA:310,0
DA:312,0
DA:320,0
DA:321,0
DA:332,0
DA:336,0
DA:337,0
DA:338,0
DA:339,0
DA:341,0
DA:346,0
DA:347,0
DA:348,0
DA:351,0
DA:356,0
DA:361,0
DA:368,0
DA:369,0
DA:380,0
DA:381,0
DA:383,0
DA:384,0
DA:385,0
DA:392,0
DA:396,0
DA:397,0
DA:404,0
DA:412,0
DA:413,0
DA:419,0
DA:420,0
DA:421,0
DA:422,0
DA:425,0
DA:426,0
DA:427,0
DA:428,0
DA:429,0
DA:430,0
DA:431,0
DA:432,0
DA:433,0
DA:434,0
DA:435,0
DA:436,0
DA:437,0
DA:441,0
DA:442,0
DA:443,0
DA:451,0
DA:454,0
DA:461,0
DA:463,0
DA:475,0
DA:476,0
DA:487,0
DA:488,0
DA:490,0
DA:491,0
DA:492,0
DA:499,0
DA:503,0
DA:504,0
DA:511,0
DA:512,0
DA:518,0
DA:519,0
DA:520,0
DA:521,0
DA:522,0
DA:523,0
DA:524,0
DA:527,0
DA:528,0
DA:535,0
DA:538,0
DA:543,0
DA:545,0
DA:555,0
DA:556,0
DA:567,0
DA:568,0
DA:570,0
DA:571,0
DA:577,0
DA:585,0
DA:591,0
DA:592,0
DA:603,0
DA:604,0
DA:606,0
DA:607,0
DA:608,0
DA:611,0
DA:618,0
DA:619,0
DA:620,0
DA:621,0
DA:624,0
DA:631,0
DA:638,0
DA:639,0
DA:650,0
DA:653,0
DA:671,0
DA:672,0
DA:675,0
DA:679,0
DA:681,0
DA:693,0
DA:694,0
DA:713,0
DA:714,0
DA:716,0
DA:731,0
DA:739,0
DA:740,0
DA:743,0
DA:744,0
DA:745,0
DA:746,0
DA:747,0
DA:748,0
DA:749,0
DA:750,0
DA:753,0
DA:755,0
DA:761,0
DA:762,0
DA:770,0
LF:207
LH:0
BRDA:20,0,0,0
BRDA:21,1,0,0
BRDA:22,2,0,0
BRDA:23,3,0,0
BRDA:29,4,0,0
BRDA:29,4,1,0
BRDA:30,5,0,0
BRDA:30,5,1,0
BRDA:31,6,0,0
BRDA:31,6,1,0
BRDA:32,7,0,0
BRDA:32,7,1,0
BRDA:33,8,0,0
BRDA:33,8,1,0
BRDA:33,9,0,0
BRDA:33,9,1,0
BRDA:35,10,0,0
BRDA:35,10,1,0
BRDA:36,11,0,0
BRDA:36,11,1,0
BRDA:40,12,0,0
BRDA:40,12,1,0
BRDA:42,13,0,0
BRDA:42,13,1,0
BRDA:55,14,0,0
BRDA:55,14,1,0
BRDA:55,15,0,0
BRDA:55,15,1,0
BRDA:56,16,0,0
BRDA:56,16,1,0
BRDA:56,17,0,0
BRDA:56,17,1,0
BRDA:57,18,0,0
BRDA:57,18,1,0
BRDA:57,19,0,0
BRDA:57,19,1,0
BRDA:58,20,0,0
BRDA:58,20,1,0
BRDA:58,21,0,0
BRDA:58,21,1,0
BRDA:59,22,0,0
BRDA:59,22,1,0
BRDA:95,23,0,0
BRDA:95,23,1,0
BRDA:103,24,0,0
BRDA:103,24,1,0
BRDA:103,24,2,0
BRDA:107,25,0,0
BRDA:107,25,1,0
BRDA:145,26,0,0
BRDA:145,26,1,0
BRDA:145,27,0,0
BRDA:145,27,1,0
BRDA:154,28,0,0
BRDA:154,28,1,0
BRDA:154,29,0,0
BRDA:154,29,1,0
BRDA:163,30,0,0
BRDA:163,30,1,0
BRDA:163,31,0,0
BRDA:163,31,1,0
BRDA:173,32,0,0
BRDA:173,32,1,0
BRDA:188,33,0,0
BRDA:188,33,1,0
BRDA:209,34,0,0
BRDA:209,34,1,0
BRDA:270,35,0,0
BRDA:270,35,1,0
BRDA:278,36,0,0
BRDA:278,36,1,0
BRDA:278,36,2,0
BRDA:282,37,0,0
BRDA:282,37,1,0
BRDA:290,38,0,0
BRDA:290,38,1,0
BRDA:307,39,0,0
BRDA:307,39,1,0
BRDA:307,40,0,0
BRDA:307,40,1,0
BRDA:307,40,2,0
BRDA:308,41,0,0
BRDA:308,41,1,0
BRDA:309,42,0,0
BRDA:309,42,1,0
BRDA:310,43,0,0
BRDA:310,43,1,0
BRDA:320,44,0,0
BRDA:320,44,1,0
BRDA:337,45,0,0
BRDA:337,45,1,0
BRDA:338,46,0,0
BRDA:338,46,1,0
BRDA:384,47,0,0
BRDA:384,47,1,0
BRDA:392,48,0,0
BRDA:392,48,1,0
BRDA:392,48,2,0
BRDA:396,49,0,0
BRDA:396,49,1,0
BRDA:412,50,0,0
BRDA:412,50,1,0
BRDA:425,51,0,0
BRDA:425,51,1,0
BRDA:428,52,0,0
BRDA:428,52,1,0
BRDA:431,53,0,0
BRDA:431,53,1,0
BRDA:434,54,0,0
BRDA:434,54,1,0
BRDA:441,55,0,0
BRDA:441,55,1,0
BRDA:442,56,0,0
BRDA:442,56,1,0
BRDA:491,57,0,0
BRDA:491,57,1,0
BRDA:499,58,0,0
BRDA:499,58,1,0
BRDA:499,58,2,0
BRDA:503,59,0,0
BRDA:503,59,1,0
BRDA:511,60,0,0
BRDA:511,60,1,0
BRDA:527,61,0,0
BRDA:527,61,1,0
BRDA:570,62,0,0
BRDA:570,62,1,0
BRDA:570,63,0,0
BRDA:570,63,1,0
BRDA:570,63,2,0
BRDA:570,63,3,0
BRDA:604,64,0,0
BRDA:604,65,0,0
BRDA:618,66,0,0
BRDA:618,66,1,0
BRDA:620,67,0,0
BRDA:620,67,1,0
BRDA:649,68,0,0
BRDA:671,69,0,0
BRDA:671,69,1,0
BRDA:714,70,0,0
BRDA:714,70,1,0
BRDA:722,71,0,0
BRDA:722,71,1,0
BRDA:744,72,0,0
BRDA:744,72,1,0
BRDA:745,73,0,0
BRDA:745,73,1,0
BRDA:746,74,0,0
BRDA:746,74,1,0
BRDA:747,75,0,0
BRDA:747,75,1,0
BRDA:747,76,0,0
BRDA:747,76,1,0
BRDA:749,77,0,0
BRDA:749,77,1,0
BRDA:750,78,0,0
BRDA:750,78,1,0
BRF:158
BRH:0
end_of_record
TN:
SF:controllers\categoryController.js
FN:9,(anonymous_0)
FN:71,(anonymous_1)
FN:101,(anonymous_2)
FN:187,(anonymous_3)
FN:250,(anonymous_4)
FN:292,(anonymous_5)
FN:343,(anonymous_6)
FN:417,(anonymous_7)
FN:432,(anonymous_8)
FN:434,(anonymous_9)
FN:437,(anonymous_10)
FN:462,(anonymous_11)
FN:532,(anonymous_12)
FN:590,(anonymous_13)
FN:617,(anonymous_14)
FN:651,(anonymous_15)
FNF:16
FNH:0
FNDA:0,(anonymous_0)
FNDA:0,(anonymous_1)
FNDA:0,(anonymous_2)
FNDA:0,(anonymous_3)
FNDA:0,(anonymous_4)
FNDA:0,(anonymous_5)
FNDA:0,(anonymous_6)
FNDA:0,(anonymous_7)
FNDA:0,(anonymous_8)
FNDA:0,(anonymous_9)
FNDA:0,(anonymous_10)
FNDA:0,(anonymous_11)
FNDA:0,(anonymous_12)
FNDA:0,(anonymous_13)
FNDA:0,(anonymous_14)
FNDA:0,(anonymous_15)
DA:1,0
DA:2,0
DA:3,0
DA:10,0
DA:18,0
DA:21,0
DA:23,0
DA:24,0
DA:25,0
DA:27,0
DA:30,0
DA:33,0
DA:35,0
DA:48,0
DA:60,0
DA:61,0
DA:72,0
DA:73,0
DA:77,0
DA:78,0
DA:84,0
DA:90,0
DA:91,0
DA:102,0
DA:110,0
DA:113,0
DA:114,0
DA:121,0
DA:126,0
DA:127,0
DA:134,0
DA:135,0
DA:136,0
DA:137,0
DA:144,0
DA:155,0
DA:156,0
DA:159,0
DA:165,0
DA:169,0
DA:176,0
DA:177,0
DA:188,0
DA:189,0
DA:190,0
DA:191,0
DA:198,0
DA:199,0
DA:212,0
DA:215,0
DA:216,0
DA:222,0
DA:223,0
DA:231,0
DA:232,0
DA:233,0
DA:239,0
DA:240,0
DA:241,0
DA:249,0
DA:250,0
DA:251,0
DA:252,0
DA:253,0
DA:255,0
DA:260,0
DA:261,0
DA:262,0
DA:265,0
DA:270,0
DA:274,0
DA:281,0
DA:282,0
DA:293,0
DA:294,0
DA:296,0
DA:297,0
DA:298,0
DA:305,0
DA:306,0
DA:312,0
DA:313,0
DA:314,0
DA:315,0
DA:318,0
DA:322,0
DA:332,0
DA:333,0
DA:344,0
DA:345,0
DA:346,0
DA:347,0
DA:354,0
DA:355,0
DA:362,0
DA:367,0
DA:368,0
DA:375,0
DA:380,0
DA:381,0
DA:387,0
DA:388,0
DA:389,0
DA:390,0
DA:391,0
DA:392,0
DA:395,0
DA:397,0
DA:406,0
DA:407,0
DA:418,0
DA:419,0
DA:422,0
DA:423,0
DA:426,0
DA:432,0
DA:433,0
DA:435,0
DA:437,0
DA:443,0
DA:445,0
DA:451,0
DA:452,0
DA:463,0
DA:464,0
DA:471,0
DA:474,0
DA:475,0
DA:476,0
DA:483,0
DA:488,0
DA:491,0
DA:493,0
DA:506,0
DA:521,0
DA:522,0
DA:533,0
DA:539,0
DA:541,0
DA:542,0
DA:549,0
DA:557,0
DA:558,0
DA:559,0
DA:560,0
DA:562,0
DA:566,0
DA:572,0
DA:579,0
DA:580,0
DA:591,0
DA:592,0
DA:595,0
DA:596,0
DA:598,0
DA:600,0
DA:606,0
DA:607,0
DA:618,0
DA:619,0
DA:622,0
DA:627,0
DA:629,0
DA:633,0
DA:640,0
DA:641,0
DA:652,0
DA:653,0
DA:654,0
DA:657,0
DA:658,0
DA:659,0
DA:666,0
DA:671,0
DA:673,0
DA:677,0
DA:687,0
DA:688,0
DA:696,0
LF:179
LH:0
BRDA:14,0,0,0
BRDA:15,1,0,0
BRDA:16,2,0,0
BRDA:17,3,0,0
BRDA:23,4,0,0
BRDA:23,4,1,0
BRDA:24,5,0,0
BRDA:24,5,1,0
BRDA:24,6,0,0
BRDA:24,6,1,0
BRDA:30,7,0,0
BRDA:30,7,1,0
BRDA:39,8,0,0
BRDA:39,8,1,0
BRDA:39,9,0,0
BRDA:39,9,1,0
BRDA:40,10,0,0
BRDA:40,10,1,0
BRDA:40,11,0,0
BRDA:40,11,1,0
BRDA:41,12,0,0
BRDA:41,12,1,0
BRDA:41,13,0,0
BRDA:41,13,1,0
BRDA:42,14,0,0
BRDA:42,14,1,0
BRDA:77,15,0,0
BRDA:77,15,1,0
BRDA:109,16,0,0
BRDA:113,17,0,0
BRDA:113,17,1,0
BRDA:126,18,0,0
BRDA:126,18,1,0
BRDA:134,19,0,0
BRDA:134,19,1,0
BRDA:136,20,0,0
BRDA:136,20,1,0
BRDA:136,21,0,0
BRDA:136,21,1,0
BRDA:147,22,0,0
BRDA:147,22,1,0
BRDA:190,23,0,0
BRDA:190,23,1,0
BRDA:198,24,0,0
BRDA:198,24,1,0
BRDA:215,25,0,0
BRDA:215,25,1,0
BRDA:215,26,0,0
BRDA:215,26,1,0
BRDA:222,27,0,0
BRDA:222,27,1,0
BRDA:231,28,0,0
BRDA:231,28,1,0
BRDA:231,29,0,0
BRDA:231,29,1,0
BRDA:232,30,0,0
BRDA:232,30,1,0
BRDA:240,31,0,0
BRDA:240,31,1,0
BRDA:240,32,0,0
BRDA:240,32,1,0
BRDA:251,33,0,0
BRDA:251,33,1,0
BRDA:252,34,0,0
BRDA:252,34,1,0
BRDA:253,35,0,0
BRDA:253,35,1,0
BRDA:297,36,0,0
BRDA:297,36,1,0
BRDA:305,37,0,0
BRDA:305,37,1,0
BRDA:324,38,0,0
BRDA:324,38,1,0
BRDA:346,39,0,0
BRDA:346,39,1,0
BRDA:354,40,0,0
BRDA:354,40,1,0
BRDA:367,41,0,0
BRDA:367,41,1,0
BRDA:380,42,0,0
BRDA:380,42,1,0
BRDA:419,43,0,0
BRDA:423,44,0,0
BRDA:423,44,1,0
BRDA:432,45,0,0
BRDA:435,46,0,0
BRDA:435,46,1,0
BRDA:467,47,0,0
BRDA:468,48,0,0
BRDA:469,49,0,0
BRDA:470,50,0,0
BRDA:475,51,0,0
BRDA:475,51,1,0
BRDA:488,52,0,0
BRDA:488,52,1,0
BRDA:497,53,0,0
BRDA:497,53,1,0
BRDA:497,54,0,0
BRDA:497,54,1,0
BRDA:498,55,0,0
BRDA:498,55,1,0
BRDA:498,56,0,0
BRDA:498,56,1,0
BRDA:499,57,0,0
BRDA:499,57,1,0
BRDA:499,58,0,0
BRDA:499,58,1,0
BRDA:500,59,0,0
BRDA:500,59,1,0
BRDA:538,60,0,0
BRDA:541,61,0,0
BRDA:541,61,1,0
BRDA:557,62,0,0
BRDA:557,62,1,0
BRDA:558,63,0,0
BRDA:558,63,1,0
BRDA:559,64,0,0
BRDA:559,64,1,0
BRDA:559,65,0,0
BRDA:559,65,1,0
BRDA:592,66,0,0
BRDA:596,67,0,0
BRDA:596,67,1,0
BRDA:627,68,0,0
BRDA:627,68,1,0
BRDA:658,69,0,0
BRDA:658,69,1,0
BRDA:671,70,0,0
BRDA:671,70,1,0
BRF:129
BRH:0
end_of_record
TN:
SF:controllers\notificationController.js
FN:9,(anonymous_0)
FN:72,(anonymous_1)
FN:117,(anonymous_2)
FN:195,(anonymous_3)
FN:294,(anonymous_4)
FN:325,(anonymous_5)
FN:363,(anonymous_6)
FN:414,(anonymous_7)
FN:460,(anonymous_8)
FN:509,(anonymous_9)
FN:561,(anonymous_10)
FN:593,(anonymous_11)
FN:619,(anonymous_12)
FN:656,(anonymous_13)
FNF:14
FNH:0
FNDA:0,(anonymous_0)
FNDA:0,(anonymous_1)
FNDA:0,(anonymous_2)
FNDA:0,(anonymous_3)
FNDA:0,(anonymous_4)
FNDA:0,(anonymous_5)
FNDA:0,(anonymous_6)
FNDA:0,(anonymous_7)
FNDA:0,(anonymous_8)
FNDA:0,(anonymous_9)
FNDA:0,(anonymous_10)
FNDA:0,(anonymous_11)
FNDA:0,(anonymous_12)
FNDA:0,(anonymous_13)
DA:1,1
DA:2,1
DA:3,1
DA:10,0
DA:20,0
DA:23,0
DA:28,0
DA:29,0
DA:30,0
DA:31,0
DA:34,0
DA:36,0
DA:49,0
DA:61,0
DA:62,0
DA:73,0
DA:74,0
DA:78,0
DA:79,0
DA:86,0
DA:87,0
DA:94,0
DA:95,0
DA:96,0
DA:97,0
DA:100,0
DA:106,0
DA:107,0
DA:118,0
DA:127,0
DA:130,0
DA:131,0
DA:132,0
DA:139,0
DA:143,0
DA:144,0
DA:150,0
DA:162,0
DA:163,0
DA:166,0
DA:173,0
DA:177,0
DA:184,0
DA:185,0
DA:196,0
DA:197,0
DA:199,0
DA:200,0
DA:207,0
DA:208,0
DA:214,0
DA:215,0
DA:217,0
DA:218,0
DA:227,0
DA:230,0
DA:231,0
DA:232,0
DA:237,0
DA:240,0
DA:252,0
DA:253,0
DA:256,0
DA:262,0
DA:265,0
DA:273,0
DA:283,0
DA:284,0
DA:295,0
DA:296,0
DA:297,0
DA:298,0
DA:305,0
DA:308,0
DA:309,0
DA:321,0
DA:324,0
DA:325,0
DA:326,0
DA:327,0
DA:331,0
DA:332,0
DA:333,0
DA:336,0
DA:341,0
DA:345,0
DA:352,0
DA:353,0
DA:364,0
DA:365,0
DA:366,0
DA:367,0
DA:374,0
DA:375,0
DA:381,0
DA:382,0
DA:383,0
DA:384,0
DA:385,0
DA:386,0
DA:389,0
DA:392,0
DA:403,0
DA:404,0
DA:415,0
DA:416,0
DA:419,0
DA:425,0
DA:426,0
DA:428,0
DA:440,0
DA:449,0
DA:450,0
DA:461,0
DA:462,0
DA:463,0
DA:464,0
DA:471,0
DA:472,0
DA:478,0
DA:479,0
DA:480,0
DA:481,0
DA:482,0
DA:485,0
DA:487,0
DA:498,0
DA:499,0
DA:510,0
DA:511,0
DA:512,0
DA:513,0
DA:520,0
DA:524,0
DA:525,0
DA:531,0
DA:532,0
DA:533,0
DA:534,0
DA:535,0
DA:536,0
DA:539,0
DA:541,0
DA:550,0
DA:551,0
DA:562,0
DA:563,0
DA:576,0
DA:582,0
DA:583,0
DA:594,0
DA:595,0
DA:602,0
DA:608,0
DA:609,0
DA:620,0
DA:621,0
DA:624,0
DA:629,0
DA:630,0
DA:631,0
DA:632,0
DA:633,0
DA:634,0
DA:637,0
DA:639,0
DA:645,0
DA:646,0
DA:657,0
DA:665,0
DA:668,0
DA:669,0
DA:675,0
DA:676,0
DA:682,0
DA:683,0
DA:685,0
DA:686,0
DA:688,0
DA:689,0
DA:690,0
DA:694,0
DA:697,0
DA:709,0
DA:710,0
DA:713,0
DA:718,0
DA:721,0
DA:728,0
DA:738,0
DA:739,0
DA:747,1
LF:192
LH:4
BRDA:16,0,0,0
BRDA:17,1,0,0
BRDA:18,2,0,0
BRDA:19,3,0,0
BRDA:28,4,0,0
BRDA:28,4,1,0
BRDA:29,5,0,0
BRDA:29,5,1,0
BRDA:30,6,0,0
BRDA:30,6,1,0
BRDA:31,7,0,0
BRDA:31,7,1,0
BRDA:40,8,0,0
BRDA:40,8,1,0
BRDA:40,9,0,0
BRDA:40,9,1,0
BRDA:41,10,0,0
BRDA:41,10,1,0
BRDA:41,11,0,0
BRDA:41,11,1,0
BRDA:42,12,0,0
BRDA:42,12,1,0
BRDA:42,13,0,0
BRDA:42,13,1,0
BRDA:43,14,0,0
BRDA:43,14,1,0
BRDA:78,15,0,0
BRDA:78,15,1,0
BRDA:86,16,0,0
BRDA:86,16,1,0
BRDA:94,17,0,0
BRDA:94,17,1,0
BRDA:124,18,0,0
BRDA:125,19,0,0
BRDA:126,20,0,0
BRDA:131,21,0,0
BRDA:131,21,1,0
BRDA:139,22,0,0
BRDA:139,22,1,0
BRDA:139,22,2,0
BRDA:143,23,0,0
BRDA:143,23,1,0
BRDA:199,24,0,0
BRDA:199,24,1,0
BRDA:199,25,0,0
BRDA:199,25,1,0
BRDA:207,26,0,0
BRDA:207,26,1,0
BRDA:224,27,0,0
BRDA:225,28,0,0
BRDA:226,29,0,0
BRDA:231,30,0,0
BRDA:231,30,1,0
BRDA:278,31,0,0
BRDA:278,31,1,0
BRDA:297,32,0,0
BRDA:297,32,1,0
BRDA:305,33,0,0
BRDA:305,33,1,0
BRDA:308,34,0,0
BRDA:308,34,1,0
BRDA:326,35,0,0
BRDA:326,35,1,0
BRDA:366,36,0,0
BRDA:366,36,1,0
BRDA:374,37,0,0
BRDA:374,37,1,0
BRDA:381,38,0,0
BRDA:381,38,1,0
BRDA:425,39,0,0
BRDA:425,39,1,0
BRDA:426,40,0,0
BRDA:426,40,1,0
BRDA:463,41,0,0
BRDA:463,41,1,0
BRDA:471,42,0,0
BRDA:471,42,1,0
BRDA:512,43,0,0
BRDA:512,43,1,0
BRDA:520,44,0,0
BRDA:520,44,1,0
BRDA:520,44,2,0
BRDA:524,45,0,0
BRDA:524,45,1,0
BRDA:629,46,0,0
BRDA:629,46,1,0
BRDA:630,47,0,0
BRDA:630,47,1,0
BRDA:631,48,0,0
BRDA:631,48,1,0
BRDA:631,49,0,0
BRDA:631,49,1,0
BRDA:633,50,0,0
BRDA:633,50,1,0
BRDA:634,51,0,0
BRDA:634,51,1,0
BRDA:662,52,0,0
BRDA:663,53,0,0
BRDA:664,54,0,0
BRDA:668,55,0,0
BRDA:668,55,1,0
BRDA:675,56,0,0
BRDA:675,56,1,0
BRDA:675,57,0,0
BRDA:675,57,1,0
BRDA:689,58,0,0
BRDA:689,58,1,0
BRDA:733,59,0,0
BRDA:733,59,1,0
BRF:109
BRH:0
end_of_record
TN:
SF:controllers\paymentController.js
FN:11,(anonymous_0)
FN:90,(anonymous_1)
FN:133,(anonymous_2)
FN:250,(anonymous_3)
FN:297,(anonymous_4)
FN:336,(anonymous_5)
FN:449,(anonymous_6)
FN:567,(anonymous_7)
FN:648,(anonymous_8)
FN:690,(anonymous_9)
FN:749,(anonymous_10)
FN:799,(anonymous_11)
FNF:12
FNH:0
FNDA:0,(anonymous_0)
FNDA:0,(anonymous_1)
FNDA:0,(anonymous_2)
FNDA:0,(anonymous_3)
FNDA:0,(anonymous_4)
FNDA:0,(anonymous_5)
FNDA:0,(anonymous_6)
FNDA:0,(anonymous_7)
FNDA:0,(anonymous_8)
FNDA:0,(anonymous_9)
FNDA:0,(anonymous_10)
FNDA:0,(anonymous_11)
DA:1,1
DA:2,1
DA:3,1
DA:4,1
DA:5,1
DA:12,0
DA:25,0
DA:28,0
DA:30,0
DA:31,0
DA:32,0
DA:33,0
DA:34,0
DA:35,0
DA:36,0
DA:37,0
DA:38,0
DA:42,0
DA:43,0
DA:44,0
DA:45,0
DA:50,0
DA:52,0
DA:67,0
DA:79,0
DA:80,0
DA:91,0
DA:92,0
DA:97,0
DA:98,0
DA:105,0
DA:109,0
DA:110,0
DA:116,0
DA:122,0
DA:123,0
DA:134,0
DA:142,0
DA:145,0
DA:146,0
DA:147,0
DA:154,0
DA:155,0
DA:162,0
DA:167,0
DA:168,0
DA:175,0
DA:176,0
DA:182,0
DA:195,0
DA:196,0
DA:199,0
DA:207,0
DA:208,0
DA:223,0
DA:227,0
DA:232,0
DA:239,0
DA:240,0
DA:251,0
DA:252,0
DA:253,0
DA:254,0
DA:261,0
DA:264,0
DA:265,0
DA:272,0
DA:273,0
DA:285,0
DA:288,0
DA:289,0
DA:296,0
DA:297,0
DA:298,0
DA:299,0
DA:303,0
DA:304,0
DA:305,0
DA:308,0
DA:313,0
DA:318,0
DA:325,0
DA:326,0
DA:337,0
DA:338,0
DA:340,0
DA:341,0
DA:342,0
DA:349,0
DA:352,0
DA:353,0
DA:360,0
DA:369,0
DA:370,0
DA:376,0
DA:377,0
DA:378,0
DA:379,0
DA:382,0
DA:383,0
DA:384,0
DA:385,0
DA:386,0
DA:387,0
DA:388,0
DA:389,0
DA:390,0
DA:391,0
DA:392,0
DA:393,0
DA:394,0
DA:395,0
DA:396,0
DA:397,0
DA:398,0
DA:399,0
DA:400,0
DA:404,0
DA:405,0
DA:406,0
DA:414,0
DA:417,0
DA:424,0
DA:426,0
DA:438,0
DA:439,0
DA:450,0
DA:451,0
DA:453,0
DA:454,0
DA:455,0
DA:462,0
DA:463,0
DA:470,0
DA:473,0
DA:474,0
DA:481,0
DA:486,0
DA:488,0
DA:489,0
DA:490,0
DA:491,0
DA:492,0
DA:493,0
DA:495,0
DA:496,0
DA:497,0
DA:498,0
DA:501,0
DA:502,0
DA:505,0
DA:506,0
DA:513,0
DA:516,0
DA:522,0
DA:524,0
DA:535,0
DA:537,0
DA:538,0
DA:539,0
DA:540,0
DA:541,0
DA:542,0
DA:543,0
DA:545,0
DA:556,0
DA:557,0
DA:568,0
DA:569,0
DA:571,0
DA:572,0
DA:573,0
DA:580,0
DA:581,0
DA:588,0
DA:591,0
DA:592,0
DA:598,0
DA:599,0
DA:600,0
DA:601,0
DA:602,0
DA:603,0
DA:604,0
DA:605,0
DA:608,0
DA:609,0
DA:616,0
DA:619,0
DA:624,0
DA:626,0
DA:637,0
DA:638,0
DA:649,0
DA:650,0
DA:653,0
DA:659,0
DA:660,0
DA:661,0
DA:662,0
DA:665,0
DA:672,0
DA:679,0
DA:680,0
DA:691,0
DA:692,0
DA:693,0
DA:694,0
DA:701,0
DA:704,0
DA:705,0
DA:712,0
DA:713,0
DA:719,0
DA:720,0
DA:721,0
DA:722,0
DA:723,0
DA:724,0
DA:727,0
DA:729,0
DA:738,0
DA:739,0
DA:750,0
DA:751,0
DA:774,0
DA:775,0
DA:777,0
DA:792,0
DA:800,0
DA:801,0
DA:804,0
DA:805,0
DA:806,0
DA:807,0
DA:808,0
DA:809,0
DA:810,0
DA:811,0
DA:814,0
DA:816,0
DA:822,0
DA:823,0
DA:831,1
LF:244
LH:6
BRDA:21,0,0,0
BRDA:22,1,0,0
BRDA:23,2,0,0
BRDA:24,3,0,0
BRDA:30,4,0,0
BRDA:30,4,1,0
BRDA:31,5,0,0
BRDA:31,5,1,0
BRDA:32,6,0,0
BRDA:32,6,1,0
BRDA:33,7,0,0
BRDA:33,7,1,0
BRDA:34,8,0,0
BRDA:34,8,1,0
BRDA:35,9,0,0
BRDA:35,9,1,0
BRDA:35,10,0,0
BRDA:35,10,1,0
BRDA:37,11,0,0
BRDA:37,11,1,0
BRDA:38,12,0,0
BRDA:38,12,1,0
BRDA:42,13,0,0
BRDA:42,13,1,0
BRDA:44,14,0,0
BRDA:44,14,1,0
BRDA:57,15,0,0
BRDA:57,15,1,0
BRDA:57,16,0,0
BRDA:57,16,1,0
BRDA:58,17,0,0
BRDA:58,17,1,0
BRDA:58,18,0,0
BRDA:58,18,1,0
BRDA:59,19,0,0
BRDA:59,19,1,0
BRDA:59,20,0,0
BRDA:59,20,1,0
BRDA:60,21,0,0
BRDA:60,21,1,0
BRDA:60,22,0,0
BRDA:60,22,1,0
BRDA:61,23,0,0
BRDA:61,23,1,0
BRDA:97,24,0,0
BRDA:97,24,1,0
BRDA:105,25,0,0
BRDA:105,25,1,0
BRDA:105,25,2,0
BRDA:109,26,0,0
BRDA:109,26,1,0
BRDA:138,27,0,0
BRDA:141,28,0,0
BRDA:146,29,0,0
BRDA:146,29,1,0
BRDA:146,30,0,0
BRDA:146,30,1,0
BRDA:154,31,0,0
BRDA:154,31,1,0
BRDA:167,32,0,0
BRDA:167,32,1,0
BRDA:175,33,0,0
BRDA:175,33,1,0
BRDA:175,34,0,0
BRDA:175,34,1,0
BRDA:189,35,0,0
BRDA:189,35,1,0
BRDA:253,36,0,0
BRDA:253,36,1,0
BRDA:261,37,0,0
BRDA:261,37,1,0
BRDA:264,38,0,0
BRDA:264,38,1,0
BRDA:272,39,0,0
BRDA:272,39,1,0
BRDA:288,40,0,0
BRDA:288,40,1,0
BRDA:288,41,0,0
BRDA:288,41,1,0
BRDA:298,42,0,0
BRDA:298,42,1,0
BRDA:341,43,0,0
BRDA:341,43,1,0
BRDA:349,44,0,0
BRDA:349,44,1,0
BRDA:352,45,0,0
BRDA:352,45,1,0
BRDA:369,46,0,0
BRDA:369,46,1,0
BRDA:382,47,0,0
BRDA:382,47,1,0
BRDA:385,48,0,0
BRDA:385,48,1,0
BRDA:389,49,0,0
BRDA:389,49,1,0
BRDA:393,50,0,0
BRDA:393,50,1,0
BRDA:397,51,0,0
BRDA:397,51,1,0
BRDA:404,52,0,0
BRDA:404,52,1,0
BRDA:405,53,0,0
BRDA:405,53,1,0
BRDA:454,54,0,0
BRDA:454,54,1,0
BRDA:462,55,0,0
BRDA:462,55,1,0
BRDA:470,56,0,0
BRDA:470,56,1,0
BRDA:473,57,0,0
BRDA:473,57,1,0
BRDA:488,58,0,0
BRDA:488,58,1,0
BRDA:492,59,0,0
BRDA:492,59,1,0
BRDA:493,60,0,0
BRDA:493,60,1,0
BRDA:505,61,0,0
BRDA:505,61,1,0
BRDA:508,62,0,0
BRDA:508,62,1,0
BRDA:526,63,0,0
BRDA:526,63,1,0
BRDA:572,64,0,0
BRDA:572,64,1,0
BRDA:580,65,0,0
BRDA:580,65,1,0
BRDA:588,66,0,0
BRDA:588,66,1,0
BRDA:591,67,0,0
BRDA:591,67,1,0
BRDA:602,68,0,0
BRDA:602,68,1,0
BRDA:603,69,0,0
BRDA:603,69,1,0
BRDA:608,70,0,0
BRDA:608,70,1,0
BRDA:650,71,0,0
BRDA:659,72,0,0
BRDA:659,72,1,0
BRDA:661,73,0,0
BRDA:661,73,1,0
BRDA:693,74,0,0
BRDA:693,74,1,0
BRDA:701,75,0,0
BRDA:701,75,1,0
BRDA:704,76,0,0
BRDA:704,76,1,0
BRDA:712,77,0,0
BRDA:712,77,1,0
BRDA:775,78,0,0
BRDA:775,78,1,0
BRDA:783,79,0,0
BRDA:783,79,1,0
BRDA:805,80,0,0
BRDA:805,80,1,0
BRDA:806,81,0,0
BRDA:806,81,1,0
BRDA:807,82,0,0
BRDA:807,82,1,0
BRDA:808,83,0,0
BRDA:808,83,1,0
BRDA:808,84,0,0
BRDA:808,84,1,0
BRDA:810,85,0,0
BRDA:810,85,1,0
BRDA:811,86,0,0
BRDA:811,86,1,0
BRF:168
BRH:0
end_of_record
TN:
SF:controllers\reviewController.js
FN:11,(anonymous_0)
FN:75,(anonymous_1)
FN:107,(anonymous_2)
FN:235,(anonymous_3)
FN:272,(anonymous_4)
FN:311,(anonymous_5)
FN:362,(anonymous_6)
FN:424,(anonymous_7)
FN:512,(anonymous_8)
FN:580,(anonymous_9)
FN:648,(anonymous_10)
FN:681,(anonymous_11)
FNF:12
FNH:0
FNDA:0,(anonymous_0)
FNDA:0,(anonymous_1)
FNDA:0,(anonymous_2)
FNDA:0,(anonymous_3)
FNDA:0,(anonymous_4)
FNDA:0,(anonymous_5)
FNDA:0,(anonymous_6)
FNDA:0,(anonymous_7)
FNDA:0,(anonymous_8)
FNDA:0,(anonymous_9)
FNDA:0,(anonymous_10)
FNDA:0,(anonymous_11)
DA:1,1
DA:2,1
DA:3,1
DA:4,1
DA:5,1
DA:12,0
DA:23,0
DA:26,0
DA:28,0
DA:29,0
DA:30,0
DA:31,0
DA:32,0
DA:35,0
DA:37,0
DA:52,0
DA:64,0
DA:65,0
DA:76,0
DA:77,0
DA:83,0
DA:84,0
DA:90,0
DA:96,0
DA:97,0
DA:108,0
DA:118,0
DA:121,0
DA:122,0
DA:123,0
DA:130,0
DA:131,0
DA:132,0
DA:139,0
DA:140,0
DA:147,0
DA:153,0
DA:154,0
DA:161,0
DA:162,0
DA:168,0
DA:182,0
DA:183,0
DA:186,0
DA:193,0
DA:194,0
DA:208,0
DA:212,0
DA:217,0
DA:224,0
DA:225,0
DA:236,0
DA:237,0
DA:238,0
DA:239,0
DA:246,0
DA:247,0
DA:260,0
DA:263,0
DA:264,0
DA:271,0
DA:272,0
DA:273,0
DA:274,0
DA:278,0
DA:279,0
DA:280,0
DA:283,0
DA:288,0
DA:293,0
DA:300,0
DA:301,0
DA:312,0
DA:313,0
DA:314,0
DA:315,0
DA:322,0
DA:325,0
DA:326,0
DA:332,0
DA:333,0
DA:334,0
DA:335,0
DA:336,0
DA:337,0
DA:340,0
DA:342,0
DA:351,0
DA:352,0
DA:363,0
DA:364,0
DA:365,0
DA:366,0
DA:373,0
DA:374,0
DA:381,0
DA:383,0
DA:385,0
DA:386,0
DA:389,0
DA:390,0
DA:393,0
DA:394,0
DA:395,0
DA:398,0
DA:402,0
DA:413,0
DA:414,0
DA:425,0
DA:426,0
DA:428,0
DA:429,0
DA:430,0
DA:437,0
DA:438,0
DA:445,0
DA:446,0
DA:452,0
DA:459,0
DA:460,0
DA:461,0
DA:462,0
DA:465,0
DA:470,0
DA:471,0
DA:484,0
DA:488,0
DA:494,0
DA:501,0
DA:502,0
DA:513,0
DA:514,0
DA:521,0
DA:524,0
DA:525,0
DA:526,0
DA:533,0
DA:538,0
DA:541,0
DA:543,0
DA:557,0
DA:569,0
DA:570,0
DA:581,0
DA:582,0
DA:589,0
DA:592,0
DA:593,0
DA:594,0
DA:601,0
DA:606,0
DA:609,0
DA:611,0
DA:625,0
DA:637,0
DA:638,0
DA:649,0
DA:650,0
DA:653,0
DA:654,0
DA:655,0
DA:656,0
DA:657,0
DA:658,0
DA:659,0
DA:662,0
DA:664,0
DA:670,0
DA:671,0
DA:682,0
DA:683,0
DA:685,0
DA:686,0
DA:687,0
DA:694,0
DA:695,0
DA:701,0
DA:702,0
DA:703,0
DA:704,0
DA:705,0
DA:706,0
DA:709,0
DA:713,0
DA:724,0
DA:725,0
DA:733,1
LF:187
LH:6
BRDA:19,0,0,0
BRDA:20,1,0,0
BRDA:21,2,0,0
BRDA:22,3,0,0
BRDA:28,4,0,0
BRDA:28,4,1,0
BRDA:29,5,0,0
BRDA:29,5,1,0
BRDA:30,6,0,0
BRDA:30,6,1,0
BRDA:31,7,0,0
BRDA:31,7,1,0
BRDA:32,8,0,0
BRDA:32,8,1,0
BRDA:43,9,0,0
BRDA:43,9,1,0
BRDA:43,10,0,0
BRDA:43,10,1,0
BRDA:44,11,0,0
BRDA:44,11,1,0
BRDA:44,12,0,0
BRDA:44,12,1,0
BRDA:45,13,0,0
BRDA:45,13,1,0
BRDA:45,14,0,0
BRDA:45,14,1,0
BRDA:46,15,0,0
BRDA:46,15,1,0
BRDA:83,16,0,0
BRDA:83,16,1,0
BRDA:117,17,0,0
BRDA:122,18,0,0
BRDA:122,18,1,0
BRDA:122,19,0,0
BRDA:122,19,1,0
BRDA:131,20,0,0
BRDA:131,20,1,0
BRDA:131,21,0,0
BRDA:131,21,1,0
BRDA:139,22,0,0
BRDA:139,22,1,0
BRDA:153,23,0,0
BRDA:153,23,1,0
BRDA:161,24,0,0
BRDA:161,24,1,0
BRDA:161,25,0,0
BRDA:161,25,1,0
BRDA:238,26,0,0
BRDA:238,26,1,0
BRDA:246,27,0,0
BRDA:246,27,1,0
BRDA:263,28,0,0
BRDA:263,28,1,0
BRDA:263,29,0,0
BRDA:263,29,1,0
BRDA:263,29,2,0
BRDA:273,30,0,0
BRDA:273,30,1,0
BRDA:314,31,0,0
BRDA:314,31,1,0
BRDA:322,32,0,0
BRDA:322,32,1,0
BRDA:325,33,0,0
BRDA:325,33,1,0
BRDA:365,34,0,0
BRDA:365,34,1,0
BRDA:373,35,0,0
BRDA:373,35,1,0
BRDA:383,36,0,0
BRDA:383,36,1,0
BRDA:404,37,0,0
BRDA:404,37,1,0
BRDA:429,38,0,0
BRDA:429,38,1,0
BRDA:437,39,0,0
BRDA:437,39,1,0
BRDA:445,40,0,0
BRDA:445,40,1,0
BRDA:445,41,0,0
BRDA:445,41,1,0
BRDA:517,42,0,0
BRDA:518,43,0,0
BRDA:519,44,0,0
BRDA:520,45,0,0
BRDA:525,46,0,0
BRDA:525,46,1,0
BRDA:538,47,0,0
BRDA:538,47,1,0
BRDA:548,48,0,0
BRDA:548,48,1,0
BRDA:548,49,0,0
BRDA:548,49,1,0
BRDA:549,50,0,0
BRDA:549,50,1,0
BRDA:549,51,0,0
BRDA:549,51,1,0
BRDA:550,52,0,0
BRDA:550,52,1,0
BRDA:550,53,0,0
BRDA:550,53,1,0
BRDA:551,54,0,0
BRDA:551,54,1,0
BRDA:585,55,0,0
BRDA:586,56,0,0
BRDA:587,57,0,0
BRDA:588,58,0,0
BRDA:593,59,0,0
BRDA:593,59,1,0
BRDA:606,60,0,0
BRDA:606,60,1,0
BRDA:616,61,0,0
BRDA:616,61,1,0
BRDA:616,62,0,0
BRDA:616,62,1,0
BRDA:617,63,0,0
BRDA:617,63,1,0
BRDA:617,64,0,0
BRDA:617,64,1,0
BRDA:618,65,0,0
BRDA:618,65,1,0
BRDA:618,66,0,0
BRDA:618,66,1,0
BRDA:619,67,0,0
BRDA:619,67,1,0
BRDA:654,68,0,0
BRDA:654,68,1,0
BRDA:655,69,0,0
BRDA:655,69,1,0
BRDA:656,70,0,0
BRDA:656,70,1,0
BRDA:656,71,0,0
BRDA:656,71,1,0
BRDA:658,72,0,0
BRDA:658,72,1,0
BRDA:659,73,0,0
BRDA:659,73,1,0
BRDA:686,74,0,0
BRDA:686,74,1,0
BRDA:694,75,0,0
BRDA:694,75,1,0
BRDA:715,76,0,0
BRDA:715,76,1,0
BRF:142
BRH:0
end_of_record
TN:
SF:controllers\serviceController.js
FN:10,(anonymous_0)
FN:84,(anonymous_1)
FN:114,(anonymous_2)
FN:198,(anonymous_3)
FN:246,(anonymous_4)
FN:290,(anonymous_5)
FN:358,(anonymous_6)
FN:403,(anonymous_7)
FN:521,(anonymous_8)
FN:598,(anonymous_9)
FN:678,(anonymous_10)
FNF:11
FNH:0
FNDA:0,(anonymous_0)
FNDA:0,(anonymous_1)
FNDA:0,(anonymous_2)
FNDA:0,(anonymous_3)
FNDA:0,(anonymous_4)
FNDA:0,(anonymous_5)
FNDA:0,(anonymous_6)
FNDA:0,(anonymous_7)
FNDA:0,(anonymous_8)
FNDA:0,(anonymous_9)
FNDA:0,(anonymous_10)
DA:1,1
DA:2,1
DA:3,1
DA:4,1
DA:11,0
DA:23,0
DA:26,0
DA:28,0
DA:29,0
DA:30,0
DA:31,0
DA:32,0
DA:38,0
DA:39,0
DA:40,0
DA:41,0
DA:45,0
DA:47,0
DA:61,0
DA:73,0
DA:74,0
DA:85,0
DA:86,0
DA:90,0
DA:91,0
DA:97,0
DA:103,0
DA:104,0
DA:115,0
DA:128,0
DA:131,0
DA:132,0
DA:133,0
DA:140,0
DA:141,0
DA:142,0
DA:149,0
DA:165,0
DA:166,0
DA:169,0
DA:176,0
DA:180,0
DA:187,0
DA:188,0
DA:199,0
DA:200,0
DA:201,0
DA:202,0
DA:209,0
DA:210,0
DA:227,0
DA:230,0
DA:231,0
DA:232,0
DA:233,0
DA:241,0
DA:246,0
DA:247,0
DA:248,0
DA:249,0
DA:250,0
DA:251,0
DA:253,0
DA:258,0
DA:259,0
DA:260,0
DA:263,0
DA:268,0
DA:272,0
DA:279,0
DA:280,0
DA:291,0
DA:292,0
DA:294,0
DA:295,0
DA:296,0
DA:303,0
DA:304,0
DA:310,0
DA:311,0
DA:312,0
DA:313,0
DA:316,0
DA:317,0
DA:318,0
DA:326,0
DA:329,0
DA:335,0
DA:347,0
DA:348,0
DA:359,0
DA:360,0
DA:362,0
DA:363,0
DA:364,0
DA:371,0
DA:372,0
DA:379,0
DA:382,0
DA:386,0
DA:392,0
DA:393,0
DA:404,0
DA:418,0
DA:420,0
DA:421,0
DA:428,0
DA:433,0
DA:434,0
DA:435,0
DA:436,0
DA:437,0
DA:438,0
DA:440,0
DA:441,0
DA:442,0
DA:443,0
DA:445,0
DA:446,0
DA:450,0
DA:451,0
DA:459,0
DA:462,0
DA:463,0
DA:465,0
DA:466,0
DA:467,0
DA:468,0
DA:469,0
DA:470,0
DA:471,0
DA:473,0
DA:476,0
DA:486,0
DA:510,0
DA:511,0
DA:522,0
DA:523,0
DA:530,0
DA:533,0
DA:534,0
DA:535,0
DA:542,0
DA:547,0
DA:550,0
DA:552,0
DA:566,0
DA:587,0
DA:588,0
DA:599,0
DA:600,0
DA:608,0
DA:611,0
DA:612,0
DA:613,0
DA:620,0
DA:625,0
DA:626,0
DA:629,0
DA:631,0
DA:645,0
DA:667,0
DA:668,0
DA:679,0
DA:680,0
DA:683,0
DA:684,0
DA:685,0
DA:686,0
DA:687,0
DA:688,0
DA:689,0
DA:692,0
DA:694,0
DA:700,0
DA:701,0
DA:709,1
LF:177
LH:5
BRDA:19,0,0,0
BRDA:20,1,0,0
BRDA:21,2,0,0
BRDA:22,3,0,0
BRDA:28,4,0,0
BRDA:28,4,1,0
BRDA:29,5,0,0
BRDA:29,5,1,0
BRDA:30,6,0,0
BRDA:30,6,1,0
BRDA:31,7,0,0
BRDA:31,7,1,0
BRDA:38,8,0,0
BRDA:38,8,1,0
BRDA:38,9,0,0
BRDA:38,9,1,0
BRDA:40,10,0,0
BRDA:40,10,1,0
BRDA:41,11,0,0
BRDA:41,11,1,0
BRDA:51,12,0,0
BRDA:51,12,1,0
BRDA:51,13,0,0
BRDA:51,13,1,0
BRDA:52,14,0,0
BRDA:52,14,1,0
BRDA:52,15,0,0
BRDA:52,15,1,0
BRDA:53,16,0,0
BRDA:53,16,1,0
BRDA:53,17,0,0
BRDA:53,17,1,0
BRDA:54,18,0,0
BRDA:54,18,1,0
BRDA:54,19,0,0
BRDA:54,19,1,0
BRDA:55,20,0,0
BRDA:55,20,1,0
BRDA:90,21,0,0
BRDA:90,21,1,0
BRDA:121,22,0,0
BRDA:123,23,0,0
BRDA:132,24,0,0
BRDA:132,24,1,0
BRDA:132,25,0,0
BRDA:132,25,1,0
BRDA:141,26,0,0
BRDA:141,26,1,0
BRDA:141,27,0,0
BRDA:141,27,1,0
BRDA:141,27,2,0
BRDA:158,28,0,0
BRDA:158,28,1,0
BRDA:159,29,0,0
BRDA:159,29,1,0
BRDA:161,30,0,0
BRDA:161,30,1,0
BRDA:201,31,0,0
BRDA:201,31,1,0
BRDA:209,32,0,0
BRDA:209,32,1,0
BRDA:209,33,0,0
BRDA:209,33,1,0
BRDA:230,34,0,0
BRDA:230,34,1,0
BRDA:230,35,0,0
BRDA:230,35,1,0
BRDA:232,36,0,0
BRDA:232,36,1,0
BRDA:232,37,0,0
BRDA:232,37,1,0
BRDA:247,38,0,0
BRDA:247,38,1,0
BRDA:248,39,0,0
BRDA:248,39,1,0
BRDA:250,40,0,0
BRDA:250,40,1,0
BRDA:295,41,0,0
BRDA:295,41,1,0
BRDA:303,42,0,0
BRDA:303,42,1,0
BRDA:303,43,0,0
BRDA:303,43,1,0
BRDA:316,44,0,0
BRDA:316,44,1,0
BRDA:317,45,0,0
BRDA:317,45,1,0
BRDA:337,46,0,0
BRDA:337,46,1,0
BRDA:363,47,0,0
BRDA:363,47,1,0
BRDA:371,48,0,0
BRDA:371,48,1,0
BRDA:371,49,0,0
BRDA:371,49,1,0
BRDA:383,50,0,0
BRDA:383,50,1,0
BRDA:414,51,0,0
BRDA:415,52,0,0
BRDA:416,53,0,0
BRDA:417,54,0,0
BRDA:420,55,0,0
BRDA:420,55,1,0
BRDA:420,56,0,0
BRDA:420,56,1,0
BRDA:420,56,2,0
BRDA:433,57,0,0
BRDA:433,57,1,0
BRDA:434,58,0,0
BRDA:434,58,1,0
BRDA:435,59,0,0
BRDA:435,59,1,0
BRDA:435,60,0,0
BRDA:435,60,1,0
BRDA:437,61,0,0
BRDA:437,61,1,0
BRDA:438,62,0,0
BRDA:438,62,1,0
BRDA:440,63,0,0
BRDA:440,63,1,0
BRDA:440,64,0,0
BRDA:440,64,1,0
BRDA:442,65,0,0
BRDA:442,65,1,0
BRDA:443,66,0,0
BRDA:443,66,1,0
BRDA:445,67,0,0
BRDA:445,67,1,0
BRDA:450,68,0,0
BRDA:450,68,1,0
BRDA:463,69,0,0
BRDA:463,69,1,0
BRDA:463,70,0,0
BRDA:463,70,1,0
BRDA:466,71,0,0
BRDA:466,71,1,0
BRDA:467,72,0,0
BRDA:467,72,1,0
BRDA:468,73,0,0
BRDA:468,73,1,0
BRDA:469,74,0,0
BRDA:469,74,1,0
BRDA:470,75,0,0
BRDA:470,75,1,0
BRDA:471,76,0,0
BRDA:471,76,1,0
BRDA:473,77,0,0
BRDA:473,77,1,0
BRDA:526,78,0,0
BRDA:527,79,0,0
BRDA:528,80,0,0
BRDA:529,81,0,0
BRDA:534,82,0,0
BRDA:534,82,1,0
BRDA:547,83,0,0
BRDA:547,83,1,0
BRDA:556,84,0,0
BRDA:556,84,1,0
BRDA:556,85,0,0
BRDA:556,85,1,0
BRDA:557,86,0,0
BRDA:557,86,1,0
BRDA:557,87,0,0
BRDA:557,87,1,0
BRDA:558,88,0,0
BRDA:558,88,1,0
BRDA:558,89,0,0
BRDA:558,89,1,0
BRDA:559,90,0,0
BRDA:559,90,1,0
BRDA:559,91,0,0
BRDA:559,91,1,0
BRDA:560,92,0,0
BRDA:560,92,1,0
BRDA:604,93,0,0
BRDA:605,94,0,0
BRDA:606,95,0,0
BRDA:607,96,0,0
BRDA:612,97,0,0
BRDA:612,97,1,0
BRDA:612,98,0,0
BRDA:612,98,1,0
BRDA:625,99,0,0
BRDA:625,99,1,0
BRDA:626,100,0,0
BRDA:626,100,1,0
BRDA:635,101,0,0
BRDA:635,101,1,0
BRDA:635,102,0,0
BRDA:635,102,1,0
BRDA:636,103,0,0
BRDA:636,103,1,0
BRDA:636,104,0,0
BRDA:636,104,1,0
BRDA:637,105,0,0
BRDA:637,105,1,0
BRDA:637,106,0,0
BRDA:637,106,1,0
BRDA:638,107,0,0
BRDA:638,107,1,0
BRDA:638,108,0,0
BRDA:638,108,1,0
BRDA:639,109,0,0
BRDA:639,109,1,0
BRDA:684,110,0,0
BRDA:684,110,1,0
BRDA:685,111,0,0
BRDA:685,111,1,0
BRDA:686,112,0,0
BRDA:686,112,1,0
BRDA:686,113,0,0
BRDA:686,113,1,0
BRDA:688,114,0,0
BRDA:688,114,1,0
BRDA:689,115,0,0
BRDA:689,115,1,0
BRF:216
BRH:0
end_of_record
TN:
SF:controllers\userController.js
FN:9,(anonymous_0)
FN:80,(anonymous_1)
FN:109,(anonymous_2)
FN:201,(anonymous_3)
FN:259,(anonymous_4)
FN:303,(anonymous_5)
FN:363,(anonymous_6)
FN:424,(anonymous_7)
FN:469,(anonymous_8)
FN:498,(anonymous_9)
FN:540,(anonymous_10)
FN:581,(anonymous_11)
FN:635,(anonymous_12)
FNF:13
FNH:0
FNDA:0,(anonymous_0)
FNDA:0,(anonymous_1)
FNDA:0,(anonymous_2)
FNDA:0,(anonymous_3)
FNDA:0,(anonymous_4)
FNDA:0,(anonymous_5)
FNDA:0,(anonymous_6)
FNDA:0,(anonymous_7)
FNDA:0,(anonymous_8)
FNDA:0,(anonymous_9)
FNDA:0,(anonymous_10)
FNDA:0,(anonymous_11)
FNDA:0,(anonymous_12)
DA:1,1
DA:2,1
DA:3,1
DA:10,0
DA:21,0
DA:24,0
DA:26,0
DA:27,0
DA:28,0
DA:29,0
DA:35,0
DA:36,0
DA:37,0
DA:38,0
DA:42,0
DA:44,0
DA:57,0
DA:69,0
DA:70,0
DA:81,0
DA:82,0
DA:85,0
DA:86,0
DA:92,0
DA:98,0
DA:99,0
DA:110,0
DA:125,0
DA:128,0
DA:129,0
DA:130,0
DA:137,0
DA:138,0
DA:139,0
DA:140,0
DA:148,0
DA:149,0
DA:152,0
DA:169,0
DA:170,0
DA:173,0
DA:180,0
DA:181,0
DA:183,0
DA:190,0
DA:191,0
DA:202,0
DA:203,0
DA:204,0
DA:205,0
DA:221,0
DA:224,0
DA:225,0
DA:230,0
DA:231,0
DA:239,0
DA:240,0
DA:245,0
DA:246,0
DA:254,0
DA:259,0
DA:260,0
DA:261,0
DA:262,0
DA:263,0
DA:264,0
DA:266,0
DA:271,0
DA:272,0
DA:273,0
DA:276,0
DA:282,0
DA:283,0
DA:285,0
DA:292,0
DA:293,0
DA:304,0
DA:305,0
DA:307,0
DA:308,0
DA:309,0
DA:315,0
DA:316,0
DA:317,0
DA:318,0
DA:321,0
DA:322,0
DA:323,0
DA:331,0
DA:334,0
DA:340,0
DA:352,0
DA:353,0
DA:364,0
DA:365,0
DA:367,0
DA:368,0
DA:369,0
DA:375,0
DA:376,0
DA:377,0
DA:378,0
DA:379,0
DA:382,0
DA:383,0
DA:384,0
DA:392,0
DA:395,0
DA:401,0
DA:413,0
DA:414,0
DA:425,0
DA:426,0
DA:428,0
DA:429,0
DA:430,0
DA:437,0
DA:438,0
DA:445,0
DA:448,0
DA:452,0
DA:458,0
DA:459,0
DA:470,0
DA:471,0
DA:474,0
DA:475,0
DA:481,0
DA:487,0
DA:488,0
DA:499,0
DA:500,0
DA:501,0
DA:502,0
DA:517,0
DA:520,0
DA:521,0
DA:526,0
DA:527,0
DA:535,0
DA:540,0
DA:541,0
DA:542,0
DA:543,0
DA:545,0
DA:550,0
DA:551,0
DA:552,0
DA:555,0
DA:560,0
DA:561,0
DA:563,0
DA:570,0
DA:571,0
DA:582,0
DA:583,0
DA:585,0
DA:586,0
DA:587,0
DA:594,0
DA:595,0
DA:596,0
DA:603,0
DA:604,0
DA:607,0
DA:608,0
DA:611,0
DA:613,0
DA:616,0
DA:618,0
DA:624,0
DA:625,0
DA:636,0
DA:637,0
DA:640,0
DA:641,0
DA:642,0
DA:643,0
DA:644,0
DA:645,0
DA:648,0
DA:650,0
DA:656,0
DA:657,0
DA:665,1
LF:185
LH:4
BRDA:17,0,0,0
BRDA:18,1,0,0
BRDA:19,2,0,0
BRDA:20,3,0,0
BRDA:26,4,0,0
BRDA:26,4,1,0
BRDA:27,5,0,0
BRDA:27,5,1,0
BRDA:28,6,0,0
BRDA:28,6,1,0
BRDA:35,7,0,0
BRDA:35,7,1,0
BRDA:35,8,0,0
BRDA:35,8,1,0
BRDA:37,9,0,0
BRDA:37,9,1,0
BRDA:38,10,0,0
BRDA:38,10,1,0
BRDA:47,11,0,0
BRDA:47,11,1,0
BRDA:47,12,0,0
BRDA:47,12,1,0
BRDA:48,13,0,0
BRDA:48,13,1,0
BRDA:48,14,0,0
BRDA:48,14,1,0
BRDA:49,15,0,0
BRDA:49,15,1,0
BRDA:49,16,0,0
BRDA:49,16,1,0
BRDA:50,17,0,0
BRDA:50,17,1,0
BRDA:50,18,0,0
BRDA:50,18,1,0
BRDA:51,19,0,0
BRDA:51,19,1,0
BRDA:85,20,0,0
BRDA:85,20,1,0
BRDA:116,21,0,0
BRDA:123,22,0,0
BRDA:124,23,0,0
BRDA:129,24,0,0
BRDA:129,24,1,0
BRDA:137,25,0,0
BRDA:137,25,1,0
BRDA:139,26,0,0
BRDA:139,26,1,0
BRDA:158,27,0,0
BRDA:158,27,1,0
BRDA:162,28,0,0
BRDA:162,28,1,0
BRDA:163,29,0,0
BRDA:163,29,1,0
BRDA:204,30,0,0
BRDA:204,30,1,0
BRDA:224,31,0,0
BRDA:224,31,1,0
BRDA:224,32,0,0
BRDA:224,32,1,0
BRDA:230,33,0,0
BRDA:230,33,1,0
BRDA:239,34,0,0
BRDA:239,34,1,0
BRDA:239,35,0,0
BRDA:239,35,1,0
BRDA:245,36,0,0
BRDA:245,36,1,0
BRDA:260,37,0,0
BRDA:260,37,1,0
BRDA:261,38,0,0
BRDA:261,38,1,0
BRDA:263,39,0,0
BRDA:263,39,1,0
BRDA:264,40,0,0
BRDA:264,40,1,0
BRDA:308,41,0,0
BRDA:308,41,1,0
BRDA:321,42,0,0
BRDA:321,42,1,0
BRDA:322,43,0,0
BRDA:322,43,1,0
BRDA:342,44,0,0
BRDA:342,44,1,0
BRDA:368,45,0,0
BRDA:368,45,1,0
BRDA:377,46,0,0
BRDA:377,46,1,0
BRDA:382,47,0,0
BRDA:382,47,1,0
BRDA:383,48,0,0
BRDA:383,48,1,0
BRDA:403,49,0,0
BRDA:403,49,1,0
BRDA:429,50,0,0
BRDA:429,50,1,0
BRDA:437,51,0,0
BRDA:437,51,1,0
BRDA:449,52,0,0
BRDA:449,52,1,0
BRDA:474,53,0,0
BRDA:474,53,1,0
BRDA:501,54,0,0
BRDA:501,54,1,0
BRDA:520,55,0,0
BRDA:520,55,1,0
BRDA:520,56,0,0
BRDA:520,56,1,0
BRDA:526,57,0,0
BRDA:526,57,1,0
BRDA:541,58,0,0
BRDA:541,58,1,0
BRDA:542,59,0,0
BRDA:542,59,1,0
BRDA:543,60,0,0
BRDA:543,60,1,0
BRDA:586,61,0,0
BRDA:586,61,1,0
BRDA:595,62,0,0
BRDA:595,62,1,0
BRDA:641,63,0,0
BRDA:641,63,1,0
BRDA:642,64,0,0
BRDA:642,64,1,0
BRDA:642,65,0,0
BRDA:642,65,1,0
BRDA:644,66,0,0
BRDA:644,66,1,0
BRDA:645,67,0,0
BRDA:645,67,1,0
BRF:129
BRH:0
end_of_record
TN:
SF:middleware\auth.js
FN:7,(anonymous_0)
FN:15,(anonymous_1)
FN:31,(anonymous_2)
FN:45,(anonymous_3)
FN:57,(anonymous_4)
FN:69,(anonymous_5)
FN:90,(anonymous_6)
FN:132,(anonymous_7)
FN:155,(anonymous_8)
FN:156,(anonymous_9)
FN:189,(anonymous_10)
FN:194,(anonymous_11)
FN:199,(anonymous_12)
FN:204,(anonymous_13)
FN:205,(anonymous_14)
FN:238,(anonymous_15)
FN:239,(anonymous_16)
FN:299,(anonymous_17)
FN:300,(anonymous_18)
FN:328,(anonymous_19)
FN:352,(anonymous_20)
FN:366,(anonymous_21)
FNF:22
FNH:2
FNDA:1,(anonymous_0)
FNDA:0,(anonymous_1)
FNDA:0,(anonymous_2)
FNDA:0,(anonymous_3)
FNDA:0,(anonymous_4)
FNDA:0,(anonymous_5)
FNDA:0,(anonymous_6)
FNDA:0,(anonymous_7)
FNDA:20,(anonymous_8)
FNDA:0,(anonymous_9)
FNDA:0,(anonymous_10)
FNDA:0,(anonymous_11)
FNDA:0,(anonymous_12)
FNDA:0,(anonymous_13)
FNDA:0,(anonymous_14)
FNDA:0,(anonymous_15)
FNDA:0,(anonymous_16)
FNDA:0,(anonymous_17)
FNDA:0,(anonymous_18)
FNDA:0,(anonymous_19)
FNDA:0,(anonymous_20)
FNDA:0,(anonymous_21)
DA:1,1
DA:2,1
DA:3,1
DA:4,1
DA:8,1
DA:9,1
DA:10,1
DA:11,1
DA:16,0
DA:23,0
DA:32,0
DA:37,0
DA:46,0
DA:47,0
DA:52,0
DA:58,0
DA:59,0
DA:64,0
DA:70,0
DA:71,0
DA:72,0
DA:74,0
DA:75,0
DA:80,0
DA:86,0
DA:89,0
DA:91,0
DA:92,0
DA:97,0
DA:103,0
DA:104,0
DA:109,0
DA:116,0
DA:125,0
DA:130,0
DA:133,0
DA:134,0
DA:141,0
DA:147,0
DA:156,20
DA:157,0
DA:158,0
DA:164,0
DA:165,0
DA:172,0
DA:178,0
DA:184,0
DA:190,0
DA:195,0
DA:200,0
DA:205,0
DA:206,0
DA:207,0
DA:213,0
DA:214,0
DA:221,0
DA:227,0
DA:233,0
DA:239,0
DA:240,0
DA:241,0
DA:242,0
DA:248,0
DA:249,0
DA:251,0
DA:252,0
DA:259,0
DA:260,0
DA:261,0
DA:263,0
DA:264,0
DA:271,0
DA:278,0
DA:280,0
DA:287,0
DA:289,0
DA:290,0
DA:300,0
DA:301,0
DA:302,0
DA:303,0
DA:309,0
DA:310,0
DA:316,0
DA:318,0
DA:319,0
DA:329,0
DA:330,0
DA:336,0
DA:337,0
DA:342,0
DA:348,0
DA:353,0
DA:354,0
DA:362,0
DA:367,0
DA:368,0
DA:376,0
DA:380,1
DA:382,1
LF:100
LH:11
BRDA:9,0,0,1
BRDA:9,0,1,0
BRDA:11,1,0,1
BRDA:11,1,1,0
BRDA:72,2,0,0
BRDA:72,2,1,0
BRDA:74,3,0,0
BRDA:74,3,1,0
BRDA:91,4,0,0
BRDA:91,4,1,0
BRDA:103,5,0,0
BRDA:103,5,1,0
BRDA:122,6,0,0
BRDA:122,6,1,0
BRDA:157,7,0,0
BRDA:157,7,1,0
BRDA:164,8,0,0
BRDA:164,8,1,0
BRDA:206,9,0,0
BRDA:206,9,1,0
BRDA:213,10,0,0
BRDA:213,10,1,0
BRDA:238,11,0,0
BRDA:241,12,0,0
BRDA:241,12,1,0
BRDA:251,13,0,0
BRDA:251,13,1,0
BRDA:259,14,0,0
BRDA:259,14,1,0
BRDA:263,15,0,0
BRDA:263,15,1,0
BRDA:263,16,0,0
BRDA:263,16,1,0
BRDA:263,16,2,0
BRDA:299,17,0,0
BRDA:302,18,0,0
BRDA:302,18,1,0
BRDA:329,19,0,0
BRDA:329,19,1,0
BRDA:336,20,0,0
BRDA:336,20,1,0
BRDA:353,21,0,0
BRDA:353,21,1,0
BRDA:367,22,0,0
BRDA:367,22,1,0
BRF:45
BRH:2
end_of_record
TN:
SF:middleware\errorHandler.js
FN:4,(anonymous_0)
FN:9,(anonymous_1)
FN:62,(anonymous_2)
FN:93,(anonymous_3)
FN:109,(anonymous_4)
FN:124,(anonymous_5)
FN:166,(anonymous_6)
FN:170,(anonymous_7)
FN:177,(anonymous_8)
FN:184,(anonymous_9)
FN:190,(anonymous_10)
FN:196,(anonymous_11)
FN:203,(anonymous_12)
FN:209,(anonymous_13)
FN:216,(anonymous_14)
FN:222,(anonymous_15)
FN:229,(anonymous_16)
FN:236,(anonymous_17)
FN:237,(anonymous_18)
FN:243,(anonymous_19)
FN:247,(anonymous_20)
FN:267,(anonymous_21)
FN:287,(anonymous_22)
FN:312,(anonymous_23)
FN:337,(anonymous_24)
FNF:25
FNH:2
FNDA:1,(anonymous_0)
FNDA:0,(anonymous_1)
FNDA:0,(anonymous_2)
FNDA:0,(anonymous_3)
FNDA:0,(anonymous_4)
FNDA:0,(anonymous_5)
FNDA:0,(anonymous_6)
FNDA:0,(anonymous_7)
FNDA:0,(anonymous_8)
FNDA:0,(anonymous_9)
FNDA:0,(anonymous_10)
FNDA:0,(anonymous_11)
FNDA:0,(anonymous_12)
FNDA:0,(anonymous_13)
FNDA:0,(anonymous_14)
FNDA:0,(anonymous_15)
FNDA:0,(anonymous_16)
FNDA:28,(anonymous_17)
FNDA:0,(anonymous_18)
FNDA:0,(anonymous_19)
FNDA:0,(anonymous_20)
FNDA:0,(anonymous_21)
FNDA:0,(anonymous_22)
FNDA:0,(anonymous_23)
FNDA:0,(anonymous_24)
DA:1,1
DA:5,1
DA:10,0
DA:12,0
DA:15,0
DA:16,0
DA:17,0
DA:20,0
DA:30,0
DA:31,0
DA:32,0
DA:36,0
DA:37,0
DA:41,0
DA:42,0
DA:46,0
DA:50,0
DA:52,0
DA:63,0
DA:79,0
DA:80,0
DA:81,0
DA:82,0
DA:83,0
DA:84,0
DA:85,0
DA:86,0
DA:88,0
DA:94,0
DA:95,0
DA:96,0
DA:97,0
DA:98,0
DA:99,0
DA:100,0
DA:101,0
DA:102,0
DA:103,0
DA:105,0
DA:110,0
DA:111,0
DA:112,0
DA:113,0
DA:114,0
DA:115,0
DA:116,0
DA:117,0
DA:118,0
DA:120,0
DA:126,0
DA:127,0
DA:131,0
DA:132,0
DA:134,0
DA:135,0
DA:137,0
DA:138,0
DA:140,0
DA:141,0
DA:143,0
DA:144,0
DA:146,0
DA:147,0
DA:149,0
DA:150,0
DA:152,0
DA:153,0
DA:155,0
DA:156,0
DA:158,0
DA:159,0
DA:162,0
DA:167,0
DA:171,0
DA:178,0
DA:185,0
DA:191,0
DA:197,0
DA:204,0
DA:210,0
DA:217,0
DA:223,0
DA:230,0
DA:237,28
DA:238,0
DA:244,0
DA:246,0
DA:247,0
DA:248,0
DA:249,0
DA:258,0
DA:268,0
DA:269,0
DA:270,0
DA:278,0
DA:288,0
DA:289,0
DA:296,0
DA:297,0
DA:304,0
DA:313,0
DA:314,0
DA:321,0
DA:322,0
DA:329,0
DA:338,0
DA:339,0
DA:346,0
DA:347,0
DA:354,0
DA:362,1
DA:365,1
DA:368,1
DA:370,1
LF:114
LH:7
BRDA:24,0,0,0
BRDA:24,0,1,0
BRDA:30,1,0,0
BRDA:30,1,1,0
BRDA:36,2,0,0
BRDA:36,2,1,0
BRDA:41,3,0,0
BRDA:41,3,1,0
BRDA:41,4,0,0
BRDA:41,4,1,0
BRDA:56,5,0,0
BRDA:56,5,1,0
BRDA:64,6,0,0
BRDA:64,6,1,0
BRDA:67,7,0,0
BRDA:67,7,1,0
BRDA:69,8,0,0
BRDA:69,8,1,0
BRDA:79,9,0,0
BRDA:79,9,1,0
BRDA:81,10,0,0
BRDA:81,10,1,0
BRDA:83,11,0,0
BRDA:83,11,1,0
BRDA:85,12,0,0
BRDA:85,12,1,0
BRDA:94,13,0,0
BRDA:94,13,1,0
BRDA:95,14,0,0
BRDA:95,14,1,0
BRDA:96,15,0,0
BRDA:96,15,1,0
BRDA:97,16,0,0
BRDA:97,16,1,0
BRDA:98,17,0,0
BRDA:98,17,1,0
BRDA:99,18,0,0
BRDA:99,18,1,0
BRDA:100,19,0,0
BRDA:100,19,1,0
BRDA:101,20,0,0
BRDA:101,20,1,0
BRDA:102,21,0,0
BRDA:102,21,1,0
BRDA:103,22,0,0
BRDA:103,22,1,0
BRDA:110,23,0,0
BRDA:110,23,1,0
BRDA:111,24,0,0
BRDA:111,24,1,0
BRDA:112,25,0,0
BRDA:112,25,1,0
BRDA:113,26,0,0
BRDA:113,26,1,0
BRDA:114,27,0,0
BRDA:114,27,1,0
BRDA:115,28,0,0
BRDA:115,28,1,0
BRDA:116,29,0,0
BRDA:116,29,1,0
BRDA:117,30,0,0
BRDA:117,30,1,0
BRDA:118,31,0,0
BRDA:118,31,1,0
BRDA:126,32,0,0
BRDA:126,32,1,0
BRDA:126,33,0,0
BRDA:126,33,1,0
BRDA:131,34,0,0
BRDA:131,34,1,0
BRDA:134,35,0,0
BRDA:134,35,1,0
BRDA:137,36,0,0
BRDA:137,36,1,0
BRDA:140,37,0,0
BRDA:140,37,1,0
BRDA:143,38,0,0
BRDA:143,38,1,0
BRDA:146,39,0,0
BRDA:146,39,1,0
BRDA:149,40,0,0
BRDA:149,40,1,0
BRDA:152,41,0,0
BRDA:152,41,1,0
BRDA:155,42,0,0
BRDA:155,42,1,0
BRDA:158,43,0,0
BRDA:158,43,1,0
BRDA:167,44,0,0
BRDA:167,44,1,0
BRDA:171,45,0,0
BRDA:171,45,1,0
BRDA:171,45,2,0
BRDA:171,45,3,0
BRDA:171,45,4,0
BRDA:178,46,0,0
BRDA:178,46,1,0
BRDA:178,46,2,0
BRDA:178,46,3,0
BRDA:185,47,0,0
BRDA:185,47,1,0
BRDA:185,47,2,0
BRDA:191,48,0,0
BRDA:191,48,1,0
BRDA:191,48,2,0
BRDA:197,49,0,0
BRDA:197,49,1,0
BRDA:197,49,2,0
BRDA:197,49,3,0
BRDA:204,50,0,0
BRDA:204,50,1,0
BRDA:204,50,2,0
BRDA:210,51,0,0
BRDA:210,51,1,0
BRDA:210,51,2,0
BRDA:210,51,3,0
BRDA:217,52,0,0
BRDA:217,52,1,0
BRDA:217,52,2,0
BRDA:223,53,0,0
BRDA:223,53,1,0
BRDA:223,53,2,0
BRDA:223,53,3,0
BRDA:230,54,0,0
BRDA:230,54,1,0
BRDA:230,54,2,0
BRDA:246,55,0,0
BRDA:246,55,1,0
BRDA:268,56,0,0
BRDA:268,56,1,0
BRDA:288,57,0,0
BRDA:288,57,1,0
BRDA:296,58,0,0
BRDA:296,58,1,0
BRDA:313,59,0,0
BRDA:313,59,1,0
BRDA:321,60,0,0
BRDA:321,60,1,0
BRDA:338,61,0,0
BRDA:338,61,1,0
BRDA:346,62,0,0
BRDA:346,62,1,0
BRF:142
BRH:0
end_of_record
TN:
SF:middleware\notFoundHandler.js
FN:7,(anonymous_0)
FN:45,getSuggestions
FN:49,(anonymous_2)
FNF:3
FNH:0
FNDA:0,(anonymous_0)
FNDA:0,getSuggestions
FNDA:0,(anonymous_2)
DA:1,1
DA:7,1
DA:8,0
DA:10,0
DA:21,0
DA:32,0
DA:35,0
DA:46,0
DA:49,0
DA:51,0
DA:52,0
DA:53,0
DA:54,0
DA:55,0
DA:58,0
DA:61,0
DA:63,0
DA:64,0
DA:65,0
DA:66,0
DA:67,0
DA:68,0
DA:69,0
DA:70,0
DA:71,0
DA:72,0
DA:73,0
DA:75,0
DA:78,0
DA:79,0
DA:80,0
DA:81,0
DA:84,0
DA:85,0
DA:86,0
DA:89,0
DA:90,0
DA:91,0
DA:94,0
DA:95,0
DA:96,0
DA:99,0
DA:100,0
DA:101,0
DA:104,0
DA:105,0
DA:106,0
DA:109,0
DA:110,0
DA:111,0
DA:112,0
DA:114,0
DA:115,0
DA:117,0
DA:120,0
DA:121,0
DA:122,0
DA:125,0
DA:126,0
DA:127,0
DA:130,0
DA:131,0
DA:135,0
DA:136,0
DA:137,0
DA:138,0
DA:139,0
DA:143,0
DA:144,0
DA:146,0
DA:149,1
LF:71
LH:3
BRDA:11,0,0,0
BRDA:11,0,1,0
BRDA:14,1,0,0
BRDA:14,1,1,0
BRDA:16,2,0,0
BRDA:16,2,1,0
BRDA:25,3,0,0
BRDA:25,3,1,0
BRDA:51,4,0,0
BRDA:51,4,1,0
BRDA:61,5,0,0
BRDA:61,5,1,0
BRDA:61,5,2,0
BRDA:61,5,3,0
BRDA:61,5,4,0
BRDA:61,5,5,0
BRDA:61,5,6,0
BRDA:61,5,7,0
BRDA:61,5,8,0
BRDA:61,5,9,0
BRDA:61,5,10,0
BRDA:61,5,11,0
BRDA:63,6,0,0
BRDA:63,6,1,0
BRDA:68,7,0,0
BRDA:68,7,1,0
BRDA:109,8,0,0
BRDA:109,8,1,0
BRDA:111,9,0,0
BRDA:111,9,1,0
BRF:30
BRH:0
end_of_record
TN:
SF:middleware\validation.js
FN:10,(anonymous_0)
FN:23,(anonymous_1)
FN:38,(anonymous_2)
FN:39,(anonymous_3)
FN:63,(anonymous_4)
FN:85,(anonymous_5)
FN:86,(anonymous_6)
FN:125,(anonymous_7)
FN:126,(anonymous_8)
FN:165,(anonymous_9)
FNF:10
FNH:0
FNDA:0,(anonymous_0)
FNDA:0,(anonymous_1)
FNDA:0,(anonymous_2)
FNDA:0,(anonymous_3)
FNDA:0,(anonymous_4)
FNDA:0,(anonymous_5)
FNDA:0,(anonymous_6)
FNDA:0,(anonymous_7)
FNDA:0,(anonymous_8)
FNDA:0,(anonymous_9)
DA:1,1
DA:2,1
DA:10,1
DA:11,0
DA:13,0
DA:14,0
DA:20,0
DA:23,0
DA:31,0
DA:38,1
DA:39,0
DA:40,0
DA:42,0
DA:43,0
DA:49,0
DA:56,0
DA:63,1
DA:64,0
DA:65,0
DA:71,0
DA:78,0
DA:85,1
DA:86,0
DA:87,0
DA:88,0
DA:94,0
DA:101,0
DA:102,0
DA:110,0
DA:117,0
DA:125,1
DA:126,0
DA:127,0
DA:128,0
DA:136,0
DA:137,0
DA:140,0
DA:142,0
DA:143,0
DA:151,0
DA:158,0
DA:165,1
DA:166,0
DA:167,0
DA:169,0
DA:170,0
DA:177,0
DA:178,0
DA:185,0
DA:186,0
DA:189,1
LF:51
LH:9
BRDA:13,0,0,0
BRDA:13,0,1,0
BRDA:42,1,0,0
BRDA:42,1,1,0
BRDA:64,2,0,0
BRDA:64,2,1,0
BRDA:87,3,0,0
BRDA:87,3,1,0
BRDA:101,4,0,0
BRDA:101,4,1,0
BRDA:125,5,0,0
BRDA:127,6,0,0
BRDA:127,6,1,0
BRDA:136,7,0,0
BRDA:136,7,1,0
BRDA:140,8,0,0
BRDA:140,8,1,0
BRDA:142,9,0,0
BRDA:142,9,1,0
BRDA:142,10,0,0
BRDA:142,10,1,0
BRDA:166,11,0,0
BRDA:166,11,1,0
BRDA:167,12,0,0
BRDA:167,12,1,0
BRDA:169,13,0,0
BRDA:169,13,1,0
BRDA:177,14,0,0
BRDA:177,14,1,0
BRDA:177,15,0,0
BRDA:177,15,1,0
BRF:31
BRH:0
end_of_record
TN:
SF:middleware\validationSchemas.js
FN:39,(anonymous_0)
FN:92,(anonymous_1)
FN:137,(anonymous_2)
FN:172,(anonymous_3)
FN:362,(anonymous_4)
FN:386,(anonymous_5)
FN:409,(anonymous_6)
FN:420,(anonymous_7)
FN:466,(anonymous_8)
FN:487,(anonymous_9)
FN:992,(anonymous_10)
FNF:11
FNH:0
FNDA:0,(anonymous_0)
FNDA:0,(anonymous_1)
FNDA:0,(anonymous_2)
FNDA:0,(anonymous_3)
FNDA:0,(anonymous_4)
FNDA:0,(anonymous_5)
FNDA:0,(anonymous_6)
FNDA:0,(anonymous_7)
FNDA:0,(anonymous_8)
FNDA:0,(anonymous_9)
FNDA:0,(anonymous_10)
DA:1,0
DA:4,0
DA:40,0
DA:41,0
DA:42,0
DA:44,0
DA:93,0
DA:94,0
DA:96,0
DA:102,0
DA:138,0
DA:139,0
DA:140,0
DA:142,0
DA:173,0
DA:174,0
DA:175,0
DA:177,0
DA:206,0
DA:363,0
DA:364,0
DA:366,0
DA:377,0
DA:387,0
DA:388,0
DA:389,0
DA:391,0
DA:392,0
DA:396,0
DA:397,0
DA:399,0
DA:400,0
DA:403,0
DA:410,0
DA:411,0
DA:412,0
DA:414,0
DA:421,0
DA:422,0
DA:423,0
DA:426,0
DA:427,0
DA:428,0
DA:429,0
DA:431,0
DA:432,0
DA:435,0
DA:436,0
DA:437,0
DA:440,0
DA:441,0
DA:445,0
DA:467,0
DA:468,0
DA:469,0
DA:471,0
DA:472,0
DA:475,0
DA:488,0
DA:489,0
DA:490,0
DA:491,0
DA:493,0
DA:494,0
DA:496,0
DA:497,0
DA:500,0
DA:564,0
DA:662,0
DA:747,0
DA:844,0
DA:958,0
DA:993,0
DA:994,0
DA:995,0
DA:997,0
DA:998,0
DA:1001,0
DA:1006,0
LF:79
LH:0
BRDA:41,0,0,0
BRDA:41,0,1,0
BRDA:41,1,0,0
BRDA:41,1,1,0
BRDA:93,2,0,0
BRDA:93,2,1,0
BRDA:139,3,0,0
BRDA:139,3,1,0
BRDA:139,4,0,0
BRDA:139,4,1,0
BRDA:174,5,0,0
BRDA:174,5,1,0
BRDA:174,6,0,0
BRDA:174,6,1,0
BRDA:363,7,0,0
BRDA:363,7,1,0
BRDA:363,8,0,0
BRDA:363,8,1,0
BRDA:391,9,0,0
BRDA:391,9,1,0
BRDA:399,10,0,0
BRDA:399,10,1,0
BRDA:411,11,0,0
BRDA:411,11,1,0
BRDA:411,12,0,0
BRDA:411,12,1,0
BRDA:411,12,2,0
BRDA:411,12,3,0
BRDA:422,13,0,0
BRDA:422,13,1,0
BRDA:422,14,0,0
BRDA:422,14,1,0
BRDA:422,14,2,0
BRDA:422,14,3,0
BRDA:426,15,0,0
BRDA:426,15,1,0
BRDA:431,16,0,0
BRDA:431,16,1,0
BRDA:436,17,0,0
BRDA:436,17,1,0
BRDA:440,18,0,0
BRDA:440,18,1,0
BRDA:471,19,0,0
BRDA:471,19,1,0
BRDA:488,20,0,0
BRDA:488,20,1,0
BRDA:488,21,0,0
BRDA:488,21,1,0
BRDA:496,22,0,0
BRDA:496,22,1,0
BRDA:993,23,0,0
BRDA:993,23,1,0
BRDA:993,24,0,0
BRDA:993,24,1,0
BRDA:997,25,0,0
BRDA:997,25,1,0
BRF:56
BRH:0
end_of_record
TN:
SF:models\Appointment.js
FN:51,(anonymous_0)
FN:62,(anonymous_1)
FN:374,(anonymous_2)
FN:386,(anonymous_3)
FN:392,(anonymous_4)
FN:404,(anonymous_5)
FN:413,(anonymous_6)
FN:417,(anonymous_7)
FN:430,(anonymous_8)
FN:442,(anonymous_9)
FN:484,(anonymous_10)
FN:497,(anonymous_11)
FN:506,(anonymous_12)
FN:518,(anonymous_13)
FN:530,(anonymous_14)
FN:542,(anonymous_15)
FN:559,(anonymous_16)
FN:564,(anonymous_17)
FN:579,(anonymous_18)
FN:600,(anonymous_19)
FN:628,(anonymous_20)
FN:646,(anonymous_21)
FN:661,(anonymous_22)
FN:672,(anonymous_23)
FN:687,(anonymous_24)
FN:701,(anonymous_25)
FN:716,(anonymous_26)
FN:739,(anonymous_27)
FN:761,(anonymous_28)
FN:801,(anonymous_29)
FN:832,(anonymous_30)
FN:841,(anonymous_31)
FN:866,(anonymous_32)
FN:874,(anonymous_33)
FN:883,(anonymous_34)
FN:904,(anonymous_35)
FNF:36
FNH:0
FNDA:0,(anonymous_0)
FNDA:0,(anonymous_1)
FNDA:0,(anonymous_2)
FNDA:0,(anonymous_3)
FNDA:0,(anonymous_4)
FNDA:0,(anonymous_5)
FNDA:0,(anonymous_6)
FNDA:0,(anonymous_7)
FNDA:0,(anonymous_8)
FNDA:0,(anonymous_9)
FNDA:0,(anonymous_10)
FNDA:0,(anonymous_11)
FNDA:0,(anonymous_12)
FNDA:0,(anonymous_13)
FNDA:0,(anonymous_14)
FNDA:0,(anonymous_15)
FNDA:0,(anonymous_16)
FNDA:0,(anonymous_17)
FNDA:0,(anonymous_18)
FNDA:0,(anonymous_19)
FNDA:0,(anonymous_20)
FNDA:0,(anonymous_21)
FNDA:0,(anonymous_22)
FNDA:0,(anonymous_23)
FNDA:0,(anonymous_24)
FNDA:0,(anonymous_25)
FNDA:0,(anonymous_26)
FNDA:0,(anonymous_27)
FNDA:0,(anonymous_28)
FNDA:0,(anonymous_29)
FNDA:0,(anonymous_30)
FNDA:0,(anonymous_31)
FNDA:0,(anonymous_32)
FNDA:0,(anonymous_33)
FNDA:0,(anonymous_34)
FNDA:0,(anonymous_35)
DA:1,1
DA:2,1
DA:4,1
DA:52,0
DA:63,0
DA:363,1
DA:364,1
DA:365,1
DA:366,1
DA:367,1
DA:368,1
DA:371,1
DA:374,1
DA:375,0
DA:376,0
DA:377,0
DA:378,0
DA:379,0
DA:381,0
DA:383,0
DA:386,1
DA:387,0
DA:388,0
DA:389,0
DA:392,1
DA:393,0
DA:394,0
DA:395,0
DA:396,0
DA:397,0
DA:399,0
DA:401,0
DA:404,1
DA:405,0
DA:413,1
DA:414,0
DA:417,1
DA:418,0
DA:427,0
DA:430,1
DA:431,0
DA:438,0
DA:442,1
DA:443,0
DA:445,0
DA:446,0
DA:450,0
DA:451,0
DA:455,0
DA:456,0
DA:460,0
DA:461,0
DA:465,0
DA:466,0
DA:467,0
DA:468,0
DA:477,0
DA:479,0
DA:484,1
DA:486,0
DA:487,0
DA:488,0
DA:489,0
DA:493,0
DA:497,1
DA:498,0
DA:499,0
DA:503,0
DA:506,1
DA:507,0
DA:509,0
DA:510,0
DA:512,0
DA:513,0
DA:515,0
DA:518,1
DA:519,0
DA:520,0
DA:521,0
DA:522,0
DA:525,0
DA:527,0
DA:530,1
DA:531,0
DA:532,0
DA:533,0
DA:534,0
DA:537,0
DA:539,0
DA:542,1
DA:543,0
DA:556,0
DA:559,1
DA:560,0
DA:561,0
DA:564,1
DA:565,0
DA:566,0
DA:568,0
DA:576,0
DA:579,1
DA:580,0
DA:581,0
DA:583,0
DA:589,0
DA:597,0
DA:600,1
DA:601,0
DA:602,0
DA:605,0
DA:606,0
DA:607,0
DA:608,0
DA:609,0
DA:611,0
DA:612,0
DA:613,0
DA:614,0
DA:615,0
DA:617,0
DA:625,0
DA:628,1
DA:629,0
DA:630,0
DA:632,0
DA:633,0
DA:634,0
DA:636,0
DA:643,0
DA:646,1
DA:647,0
DA:648,0
DA:650,0
DA:658,0
DA:661,1
DA:662,0
DA:668,0
DA:672,1
DA:673,0
DA:675,0
DA:676,0
DA:677,0
DA:678,0
DA:680,0
DA:687,1
DA:688,0
DA:690,0
DA:691,0
DA:692,0
DA:694,0
DA:701,1
DA:702,0
DA:704,0
DA:705,0
DA:706,0
DA:707,0
DA:709,0
DA:716,1
DA:717,0
DA:724,0
DA:725,0
DA:728,0
DA:739,1
DA:740,0
DA:746,0
DA:747,0
DA:748,0
DA:749,0
DA:752,0
DA:761,1
DA:762,0
DA:764,0
DA:765,0
DA:766,0
DA:767,0
DA:768,0
DA:769,0
DA:771,0
DA:788,0
DA:801,1
DA:802,0
DA:805,0
DA:806,0
DA:810,0
DA:811,0
DA:815,0
DA:816,0
DA:819,0
DA:820,0
DA:824,0
DA:825,0
DA:828,0
DA:832,1
DA:834,0
DA:835,0
DA:836,0
DA:838,0
DA:841,1
DA:843,0
DA:844,0
DA:845,0
DA:846,0
DA:848,0
DA:849,0
DA:851,0
DA:852,0
DA:854,0
DA:855,0
DA:857,0
DA:858,0
DA:862,0
DA:866,1
DA:867,0
DA:868,0
DA:869,0
DA:871,0
DA:874,1
DA:875,0
DA:876,0
DA:877,0
DA:879,0
DA:883,1
DA:884,0
DA:887,0
DA:888,0
DA:889,0
DA:890,0
DA:891,0
DA:892,0
DA:893,0
DA:894,0
DA:895,0
DA:896,0
DA:897,0
DA:898,0
DA:900,0
DA:904,1
DA:905,0
DA:914,1
DA:916,1
LF:240
LH:46
BRDA:375,0,0,0
BRDA:375,0,1,0
BRDA:375,1,0,0
BRDA:375,1,1,0
BRDA:393,2,0,0
BRDA:393,2,1,0
BRDA:427,3,0,0
BRDA:427,3,1,0
BRDA:438,4,0,0
BRDA:438,4,1,0
BRDA:445,5,0,0
BRDA:445,5,1,0
BRDA:450,6,0,0
BRDA:450,6,1,0
BRDA:455,7,0,0
BRDA:455,7,1,0
BRDA:460,8,0,0
BRDA:460,8,1,0
BRDA:465,9,0,0
BRDA:465,9,1,0
BRDA:465,10,0,0
BRDA:465,10,1,0
BRDA:467,11,0,0
BRDA:467,11,1,0
BRDA:470,12,0,0
BRDA:470,12,1,0
BRDA:486,13,0,0
BRDA:486,13,1,0
BRDA:486,14,0,0
BRDA:486,14,1,0
BRDA:488,15,0,0
BRDA:488,15,1,0
BRDA:488,16,0,0
BRDA:488,16,1,0
BRDA:507,17,0,0
BRDA:507,17,1,0
BRDA:507,18,0,0
BRDA:507,18,1,0
BRDA:527,19,0,0
BRDA:527,19,1,0
BRDA:539,20,0,0
BRDA:539,20,1,0
BRDA:564,21,0,0
BRDA:564,22,0,0
BRDA:579,23,0,0
BRDA:600,24,0,0
BRDA:601,25,0,0
BRDA:601,25,1,0
BRDA:628,26,0,0
BRDA:628,27,0,0
BRDA:628,28,0,0
BRDA:632,29,0,0
BRDA:632,29,1,0
BRDA:633,30,0,0
BRDA:633,30,1,0
BRDA:634,31,0,0
BRDA:634,31,1,0
BRDA:646,32,0,0
BRDA:661,33,0,0
BRDA:672,34,0,0
BRDA:675,35,0,0
BRDA:675,35,1,0
BRDA:676,36,0,0
BRDA:676,36,1,0
BRDA:677,37,0,0
BRDA:677,37,1,0
BRDA:678,38,0,0
BRDA:678,38,1,0
BRDA:687,39,0,0
BRDA:690,40,0,0
BRDA:690,40,1,0
BRDA:691,41,0,0
BRDA:691,41,1,0
BRDA:692,42,0,0
BRDA:692,42,1,0
BRDA:701,43,0,0
BRDA:704,44,0,0
BRDA:704,44,1,0
BRDA:705,45,0,0
BRDA:705,45,1,0
BRDA:706,46,0,0
BRDA:706,46,1,0
BRDA:707,47,0,0
BRDA:707,47,1,0
BRDA:716,48,0,0
BRDA:724,49,0,0
BRDA:724,49,1,0
BRDA:739,50,0,0
BRDA:746,51,0,0
BRDA:746,51,1,0
BRDA:748,52,0,0
BRDA:748,52,1,0
BRDA:761,53,0,0
BRDA:764,54,0,0
BRDA:764,54,1,0
BRDA:765,55,0,0
BRDA:765,55,1,0
BRDA:766,56,0,0
BRDA:766,56,1,0
BRDA:767,57,0,0
BRDA:767,57,1,0
BRDA:768,58,0,0
BRDA:768,58,1,0
BRDA:769,59,0,0
BRDA:769,59,1,0
BRDA:788,60,0,0
BRDA:788,60,1,0
BRDA:805,61,0,0
BRDA:805,61,1,0
BRDA:810,62,0,0
BRDA:810,62,1,0
BRDA:815,63,0,0
BRDA:815,63,1,0
BRDA:819,64,0,0
BRDA:819,64,1,0
BRDA:824,65,0,0
BRDA:824,65,1,0
BRDA:851,66,0,0
BRDA:851,66,1,0
BRDA:851,67,0,0
BRDA:851,67,1,0
BRDA:851,67,2,0
BRDA:854,68,0,0
BRDA:854,68,1,0
BRDA:854,69,0,0
BRDA:854,69,1,0
BRDA:854,69,2,0
BRDA:857,70,0,0
BRDA:857,70,1,0
BRDA:857,71,0,0
BRDA:857,71,1,0
BRDA:857,71,2,0
BRDA:904,72,0,0
BRF:133
BRH:0
end_of_record
TN:
SF:models\Booking.js
FN:40,(anonymous_0)
FN:52,(anonymous_1)
FN:284,(anonymous_2)
FN:294,(anonymous_3)
FN:299,(anonymous_4)
FN:304,(anonymous_5)
FN:309,(anonymous_6)
FN:328,(anonymous_7)
FN:335,(anonymous_8)
FN:344,(anonymous_9)
FN:352,(anonymous_10)
FN:366,(anonymous_11)
FN:381,(anonymous_12)
FN:396,(anonymous_13)
FN:417,(anonymous_14)
FN:430,(anonymous_15)
FN:460,(anonymous_16)
FN:480,(anonymous_17)
FN:483,(anonymous_18)
FNF:19
FNH:0
FNDA:0,(anonymous_0)
FNDA:0,(anonymous_1)
FNDA:0,(anonymous_2)
FNDA:0,(anonymous_3)
FNDA:0,(anonymous_4)
FNDA:0,(anonymous_5)
FNDA:0,(anonymous_6)
FNDA:0,(anonymous_7)
FNDA:0,(anonymous_8)
FNDA:0,(anonymous_9)
FNDA:0,(anonymous_10)
FNDA:0,(anonymous_11)
FNDA:0,(anonymous_12)
FNDA:0,(anonymous_13)
FNDA:0,(anonymous_14)
FNDA:0,(anonymous_15)
FNDA:0,(anonymous_16)
FNDA:0,(anonymous_17)
FNDA:0,(anonymous_18)
DA:1,1
DA:3,1
DA:41,0
DA:53,0
DA:276,1
DA:277,1
DA:278,1
DA:279,1
DA:280,1
DA:281,1
DA:284,1
DA:285,0
DA:286,0
DA:291,0
DA:294,1
DA:295,0
DA:296,0
DA:299,1
DA:300,0
DA:301,0
DA:304,1
DA:305,0
DA:306,0
DA:309,1
DA:310,0
DA:311,0
DA:314,0
DA:315,0
DA:316,0
DA:317,0
DA:318,0
DA:320,0
DA:321,0
DA:322,0
DA:323,0
DA:325,0
DA:328,1
DA:329,0
DA:330,0
DA:331,0
DA:332,0
DA:335,1
DA:336,0
DA:337,0
DA:338,0
DA:339,0
DA:341,0
DA:344,1
DA:345,0
DA:346,0
DA:348,0
DA:352,1
DA:353,0
DA:355,0
DA:356,0
DA:358,0
DA:366,1
DA:367,0
DA:369,0
DA:370,0
DA:371,0
DA:373,0
DA:381,1
DA:382,0
DA:384,0
DA:385,0
DA:386,0
DA:388,0
DA:396,1
DA:397,0
DA:410,0
DA:411,0
DA:414,0
DA:417,1
DA:418,0
DA:430,1
DA:431,0
DA:432,0
DA:433,0
DA:435,0
DA:460,1
DA:462,0
DA:463,0
DA:464,0
DA:466,0
DA:467,0
DA:472,0
DA:473,0
DA:476,0
DA:480,1
DA:481,0
DA:482,0
DA:483,0
DA:484,0
DA:488,1
LF:95
LH:25
BRDA:284,0,0,0
BRDA:309,1,0,0
BRDA:310,2,0,0
BRDA:310,2,1,0
BRDA:328,3,0,0
BRDA:335,4,0,0
BRDA:338,5,0,0
BRDA:338,5,1,0
BRDA:345,6,0,0
BRDA:345,6,1,0
BRDA:352,7,0,0
BRDA:353,8,0,0
BRDA:353,9,0,0
BRDA:353,10,0,0
BRDA:356,11,0,0
BRDA:356,11,1,0
BRDA:366,12,0,0
BRDA:367,13,0,0
BRDA:367,14,0,0
BRDA:370,15,0,0
BRDA:370,15,1,0
BRDA:371,16,0,0
BRDA:371,16,1,0
BRDA:381,17,0,0
BRDA:382,18,0,0
BRDA:382,19,0,0
BRDA:385,20,0,0
BRDA:385,20,1,0
BRDA:386,21,0,0
BRDA:386,21,1,0
BRDA:396,22,0,0
BRDA:410,23,0,0
BRDA:410,23,1,0
BRDA:417,24,0,0
BRDA:462,25,0,0
BRDA:462,25,1,0
BRDA:462,26,0,0
BRDA:462,26,1,0
BRDA:466,27,0,0
BRDA:466,27,1,0
BRDA:472,28,0,0
BRDA:472,28,1,0
BRDA:472,29,0,0
BRDA:472,29,1,0
BRDA:472,29,2,0
BRF:45
BRH:0
end_of_record
TN:
SF:models\Category.js
FN:29,(anonymous_0)
FN:76,(anonymous_1)
FN:234,(anonymous_2)
FN:242,(anonymous_3)
FN:258,(anonymous_4)
FN:261,(anonymous_5)
FN:274,(anonymous_6)
FN:277,(anonymous_7)
FN:331,(anonymous_8)
FN:336,(anonymous_9)
FN:341,(anonymous_10)
FN:347,(anonymous_11)
FN:355,(anonymous_12)
FN:363,(anonymous_13)
FN:371,(anonymous_14)
FN:393,(anonymous_15)
FN:403,(anonymous_16)
FN:411,(anonymous_17)
FN:422,(anonymous_18)
FN:435,(anonymous_19)
FN:448,(anonymous_20)
FN:451,(anonymous_21)
FN:457,(anonymous_22)
FN:460,(anonymous_23)
FNF:24
FNH:0
FNDA:0,(anonymous_0)
FNDA:0,(anonymous_1)
FNDA:0,(anonymous_2)
FNDA:0,(anonymous_3)
FNDA:0,(anonymous_4)
FNDA:0,(anonymous_5)
FNDA:0,(anonymous_6)
FNDA:0,(anonymous_7)
FNDA:0,(anonymous_8)
FNDA:0,(anonymous_9)
FNDA:0,(anonymous_10)
FNDA:0,(anonymous_11)
FNDA:0,(anonymous_12)
FNDA:0,(anonymous_13)
FNDA:0,(anonymous_14)
FNDA:0,(anonymous_15)
FNDA:0,(anonymous_16)
FNDA:0,(anonymous_17)
FNDA:0,(anonymous_18)
FNDA:0,(anonymous_19)
FNDA:0,(anonymous_20)
FNDA:0,(anonymous_21)
FNDA:0,(anonymous_22)
FNDA:0,(anonymous_23)
DA:1,1
DA:3,1
DA:30,0
DA:77,0
DA:227,1
DA:228,1
DA:229,1
DA:230,1
DA:231,1
DA:234,1
DA:235,0
DA:242,1
DA:243,0
DA:244,0
DA:246,0
DA:247,0
DA:248,0
DA:249,0
DA:251,0
DA:255,0
DA:258,1
DA:259,0
DA:261,0
DA:262,0
DA:268,0
DA:269,0
DA:270,0
DA:274,0
DA:277,1
DA:278,0
DA:279,0
DA:280,0
DA:283,0
DA:290,0
DA:297,0
DA:321,0
DA:328,0
DA:331,1
DA:332,0
DA:333,0
DA:336,1
DA:337,0
DA:338,0
DA:341,1
DA:342,0
DA:343,0
DA:347,1
DA:348,0
DA:355,1
DA:356,0
DA:363,1
DA:364,0
DA:371,1
DA:372,0
DA:393,1
DA:394,0
DA:403,1
DA:404,0
DA:411,1
DA:412,0
DA:414,0
DA:415,0
DA:418,0
DA:422,1
DA:424,0
DA:425,0
DA:434,0
DA:435,0
DA:436,0
DA:437,0
DA:441,0
DA:444,0
DA:448,1
DA:449,0
DA:450,0
DA:451,0
DA:452,0
DA:457,1
DA:459,0
DA:460,0
DA:461,0
DA:462,0
DA:468,1
LF:83
LH:25
BRDA:248,0,0,0
BRDA:248,0,1,0
BRDA:324,1,0,0
BRDA:324,1,1,0
BRDA:325,2,0,0
BRDA:325,2,1,0
BRDA:393,3,0,0
BRDA:403,4,0,0
BRDA:424,5,0,0
BRDA:424,5,1,0
BRDA:424,6,0,0
BRDA:424,6,1,0
BRDA:434,7,0,0
BRDA:434,7,1,0
BRDA:436,8,0,0
BRDA:436,8,1,0
BRDA:459,9,0,0
BRDA:459,9,1,0
BRDA:461,10,0,0
BRDA:461,10,1,0
BRF:20
BRH:0
end_of_record
TN:
SF:models\Clinic.js
FN:613,(anonymous_0)
FN:614,(anonymous_1)
FN:618,(anonymous_2)
FN:623,(anonymous_3)
FN:639,(anonymous_4)
FN:652,(anonymous_5)
FN:667,(anonymous_6)
FN:668,(anonymous_7)
FN:671,(anonymous_8)
FN:672,(anonymous_9)
FN:678,(anonymous_10)
FN:729,(anonymous_11)
FN:731,(anonymous_12)
FN:750,(anonymous_13)
FN:751,(anonymous_14)
FN:768,(anonymous_15)
FN:769,(anonymous_16)
FN:788,(anonymous_17)
FN:826,(anonymous_18)
FN:877,(anonymous_19)
FN:882,(anonymous_20)
FN:883,(anonymous_21)
FN:894,(anonymous_22)
FN:905,(anonymous_23)
FN:907,(anonymous_24)
FN:915,(anonymous_25)
FN:930,(anonymous_26)
FN:942,(anonymous_27)
FN:967,(anonymous_28)
FN:1005,(anonymous_29)
FN:1017,(anonymous_30)
FN:1052,(anonymous_31)
FN:1084,(anonymous_32)
FN:1101,(anonymous_33)
FN:1109,(anonymous_34)
FN:1118,(anonymous_35)
FN:1134,(anonymous_36)
FNF:37
FNH:0
FNDA:0,(anonymous_0)
FNDA:0,(anonymous_1)
FNDA:0,(anonymous_2)
FNDA:0,(anonymous_3)
FNDA:0,(anonymous_4)
FNDA:0,(anonymous_5)
FNDA:0,(anonymous_6)
FNDA:0,(anonymous_7)
FNDA:0,(anonymous_8)
FNDA:0,(anonymous_9)
FNDA:0,(anonymous_10)
FNDA:0,(anonymous_11)
FNDA:0,(anonymous_12)
FNDA:0,(anonymous_13)
FNDA:0,(anonymous_14)
FNDA:0,(anonymous_15)
FNDA:0,(anonymous_16)
FNDA:0,(anonymous_17)
FNDA:0,(anonymous_18)
FNDA:0,(anonymous_19)
FNDA:0,(anonymous_20)
FNDA:0,(anonymous_21)
FNDA:0,(anonymous_22)
FNDA:0,(anonymous_23)
FNDA:0,(anonymous_24)
FNDA:0,(anonymous_25)
FNDA:0,(anonymous_26)
FNDA:0,(anonymous_27)
FNDA:0,(anonymous_28)
FNDA:0,(anonymous_29)
FNDA:0,(anonymous_30)
FNDA:0,(anonymous_31)
FNDA:0,(anonymous_32)
FNDA:0,(anonymous_33)
FNDA:0,(anonymous_34)
FNDA:0,(anonymous_35)
FNDA:0,(anonymous_36)
DA:1,1
DA:2,1
DA:4,1
DA:593,1
DA:594,1
DA:595,1
DA:596,1
DA:597,1
DA:600,1
DA:613,1
DA:614,0
DA:615,0
DA:618,1
DA:619,0
DA:620,0
DA:623,1
DA:624,0
DA:625,0
DA:627,0
DA:628,0
DA:631,0
DA:639,1
DA:640,0
DA:641,0
DA:644,0
DA:645,0
DA:646,0
DA:647,0
DA:648,0
DA:649,0
DA:652,1
DA:653,0
DA:654,0
DA:656,0
DA:657,0
DA:658,0
DA:659,0
DA:660,0
DA:661,0
DA:662,0
DA:664,0
DA:667,1
DA:668,0
DA:671,1
DA:672,0
DA:673,0
DA:678,1
DA:679,0
DA:681,0
DA:682,0
DA:683,0
DA:685,0
DA:686,0
DA:691,0
DA:692,0
DA:695,0
DA:696,0
DA:697,0
DA:701,0
DA:702,0
DA:703,0
DA:704,0
DA:707,0
DA:708,0
DA:709,0
DA:712,0
DA:713,0
DA:720,0
DA:722,0
DA:724,0
DA:729,1
DA:731,0
DA:732,0
DA:735,0
DA:736,0
DA:739,0
DA:747,0
DA:750,1
DA:751,0
DA:752,0
DA:755,0
DA:756,0
DA:760,0
DA:761,0
DA:764,0
DA:765,0
DA:768,1
DA:769,0
DA:770,0
DA:773,0
DA:774,0
DA:778,0
DA:779,0
DA:782,0
DA:783,0
DA:785,0
DA:788,1
DA:789,0
DA:790,0
DA:792,0
DA:793,0
DA:796,0
DA:797,0
DA:799,0
DA:800,0
DA:802,0
DA:803,0
DA:806,0
DA:807,0
DA:811,0
DA:812,0
DA:813,0
DA:815,0
DA:816,0
DA:818,0
DA:819,0
DA:823,0
DA:826,1
DA:827,0
DA:828,0
DA:830,0
DA:831,0
DA:834,0
DA:835,0
DA:836,0
DA:838,0
DA:839,0
DA:841,0
DA:842,0
DA:843,0
DA:845,0
DA:846,0
DA:849,0
DA:850,0
DA:851,0
DA:852,0
DA:854,0
DA:855,0
DA:857,0
DA:858,0
DA:862,0
DA:863,0
DA:871,0
DA:874,0
DA:877,1
DA:879,0
DA:882,0
DA:883,0
DA:885,0
DA:886,0
DA:889,0
DA:891,0
DA:894,1
DA:895,0
DA:898,0
DA:899,0
DA:902,0
DA:905,1
DA:906,0
DA:907,0
DA:908,0
DA:910,0
DA:912,0
DA:915,1
DA:916,0
DA:917,0
DA:920,0
DA:921,0
DA:924,0
DA:926,0
DA:930,1
DA:931,0
DA:933,0
DA:934,0
DA:935,0
DA:937,0
DA:942,1
DA:943,0
DA:957,0
DA:958,0
DA:959,0
DA:961,0
DA:967,1
DA:968,0
DA:970,0
DA:971,0
DA:974,0
DA:975,0
DA:976,0
DA:977,0
DA:978,0
DA:989,0
DA:990,0
DA:991,0
DA:992,0
DA:995,0
DA:998,0
DA:1005,1
DA:1006,0
DA:1008,0
DA:1009,0
DA:1011,0
DA:1017,1
DA:1018,0
DA:1020,0
DA:1021,0
DA:1022,0
DA:1023,0
DA:1024,0
DA:1026,0
DA:1041,0
DA:1052,1
DA:1053,0
DA:1056,0
DA:1057,0
DA:1061,0
DA:1062,0
DA:1066,0
DA:1067,0
DA:1071,0
DA:1072,0
DA:1076,0
DA:1077,0
DA:1080,0
DA:1084,1
DA:1085,0
DA:1087,0
DA:1088,0
DA:1089,0
DA:1090,0
DA:1093,0
DA:1094,0
DA:1097,0
DA:1101,1
DA:1102,0
DA:1103,0
DA:1104,0
DA:1106,0
DA:1109,1
DA:1110,0
DA:1111,0
DA:1112,0
DA:1114,0
DA:1118,1
DA:1119,0
DA:1122,0
DA:1123,0
DA:1124,0
DA:1125,0
DA:1126,0
DA:1127,0
DA:1128,0
DA:1130,0
DA:1134,1
DA:1135,0
DA:1145,1
DA:1147,1
LF:257
LH:39
BRDA:615,0,0,0
BRDA:615,0,1,0
BRDA:615,1,0,0
BRDA:615,1,1,0
BRDA:620,2,0,0
BRDA:620,2,1,0
BRDA:627,3,0,0
BRDA:627,3,1,0
BRDA:627,4,0,0
BRDA:627,4,1,0
BRDA:640,5,0,0
BRDA:640,5,1,0
BRDA:645,6,0,0
BRDA:645,6,1,0
BRDA:646,7,0,0
BRDA:646,7,1,0
BRDA:647,8,0,0
BRDA:647,8,1,0
BRDA:648,9,0,0
BRDA:648,9,1,0
BRDA:656,10,0,0
BRDA:656,10,1,0
BRDA:657,11,0,0
BRDA:657,11,1,0
BRDA:658,12,0,0
BRDA:658,12,1,0
BRDA:659,13,0,0
BRDA:659,13,1,0
BRDA:660,14,0,0
BRDA:660,14,1,0
BRDA:661,15,0,0
BRDA:661,15,1,0
BRDA:662,16,0,0
BRDA:662,16,1,0
BRDA:673,17,0,0
BRDA:673,17,1,0
BRDA:681,18,0,0
BRDA:681,18,1,0
BRDA:685,19,0,0
BRDA:685,19,1,0
BRDA:685,20,0,0
BRDA:685,20,1,0
BRDA:691,21,0,0
BRDA:691,21,1,0
BRDA:696,22,0,0
BRDA:696,22,1,0
BRDA:696,23,0,0
BRDA:696,23,1,0
BRDA:696,23,2,0
BRDA:696,23,3,0
BRDA:702,24,0,0
BRDA:702,24,1,0
BRDA:703,25,0,0
BRDA:703,25,1,0
BRDA:707,26,0,0
BRDA:707,26,1,0
BRDA:707,27,0,0
BRDA:707,27,1,0
BRDA:708,28,0,0
BRDA:708,28,1,0
BRDA:712,29,0,0
BRDA:712,29,1,0
BRDA:712,30,0,0
BRDA:712,30,1,0
BRDA:729,31,0,0
BRDA:735,32,0,0
BRDA:735,32,1,0
BRDA:755,33,0,0
BRDA:755,33,1,0
BRDA:760,34,0,0
BRDA:760,34,1,0
BRDA:768,35,0,0
BRDA:773,36,0,0
BRDA:773,36,1,0
BRDA:778,37,0,0
BRDA:778,37,1,0
BRDA:792,38,0,0
BRDA:792,38,1,0
BRDA:792,39,0,0
BRDA:792,39,1,0
BRDA:806,40,0,0
BRDA:806,40,1,0
BRDA:806,41,0,0
BRDA:806,41,1,0
BRDA:811,42,0,0
BRDA:811,42,1,0
BRDA:811,43,0,0
BRDA:811,43,1,0
BRDA:818,44,0,0
BRDA:818,44,1,0
BRDA:818,45,0,0
BRDA:818,45,1,0
BRDA:826,46,0,0
BRDA:830,47,0,0
BRDA:830,47,1,0
BRDA:830,48,0,0
BRDA:830,48,1,0
BRDA:850,49,0,0
BRDA:850,49,1,0
BRDA:850,50,0,0
BRDA:850,50,1,0
BRDA:857,51,0,0
BRDA:857,51,1,0
BRDA:857,52,0,0
BRDA:857,52,1,0
BRDA:862,53,0,0
BRDA:862,53,1,0
BRDA:898,54,0,0
BRDA:898,54,1,0
BRDA:906,55,0,0
BRDA:906,55,1,0
BRDA:906,56,0,0
BRDA:906,56,1,0
BRDA:916,57,0,0
BRDA:916,57,1,0
BRDA:916,58,0,0
BRDA:916,58,1,0
BRDA:920,59,0,0
BRDA:920,59,1,0
BRDA:920,60,0,0
BRDA:920,60,1,0
BRDA:930,61,0,0
BRDA:933,62,0,0
BRDA:933,62,1,0
BRDA:934,63,0,0
BRDA:934,63,1,0
BRDA:935,64,0,0
BRDA:935,64,1,0
BRDA:942,65,0,0
BRDA:942,66,0,0
BRDA:957,67,0,0
BRDA:957,67,1,0
BRDA:958,68,0,0
BRDA:958,68,1,0
BRDA:959,69,0,0
BRDA:959,69,1,0
BRDA:967,70,0,0
BRDA:970,71,0,0
BRDA:970,71,1,0
BRDA:974,72,0,0
BRDA:974,72,1,0
BRDA:975,73,0,0
BRDA:975,73,1,0
BRDA:976,74,0,0
BRDA:976,74,1,0
BRDA:977,75,0,0
BRDA:977,75,1,0
BRDA:984,76,0,0
BRDA:984,76,1,0
BRDA:990,77,0,0
BRDA:990,77,1,0
BRDA:991,78,0,0
BRDA:991,78,1,0
BRDA:992,79,0,0
BRDA:992,79,1,0
BRDA:992,80,0,0
BRDA:992,80,1,0
BRDA:1002,81,0,0
BRDA:1002,81,1,0
BRDA:1005,82,0,0
BRDA:1005,83,0,0
BRDA:1008,84,0,0
BRDA:1008,84,1,0
BRDA:1009,85,0,0
BRDA:1009,85,1,0
BRDA:1017,86,0,0
BRDA:1020,87,0,0
BRDA:1020,87,1,0
BRDA:1021,88,0,0
BRDA:1021,88,1,0
BRDA:1022,89,0,0
BRDA:1022,89,1,0
BRDA:1023,90,0,0
BRDA:1023,90,1,0
BRDA:1024,91,0,0
BRDA:1024,91,1,0
BRDA:1041,92,0,0
BRDA:1041,92,1,0
BRDA:1056,93,0,0
BRDA:1056,93,1,0
BRDA:1056,94,0,0
BRDA:1056,94,1,0
BRDA:1061,95,0,0
BRDA:1061,95,1,0
BRDA:1061,96,0,0
BRDA:1061,96,1,0
BRDA:1066,97,0,0
BRDA:1066,97,1,0
BRDA:1071,98,0,0
BRDA:1071,98,1,0
BRDA:1071,99,0,0
BRDA:1071,99,1,0
BRDA:1071,99,2,0
BRDA:1076,100,0,0
BRDA:1076,100,1,0
BRDA:1076,101,0,0
BRDA:1076,101,1,0
BRDA:1087,102,0,0
BRDA:1087,102,1,0
BRDA:1089,103,0,0
BRDA:1089,103,1,0
BRDA:1093,104,0,0
BRDA:1093,104,1,0
BRDA:1134,105,0,0
BRF:204
BRH:0
end_of_record
TN:
SF:models\Notification.js
FN:144,(anonymous_0)
FN:150,(anonymous_1)
FN:156,(anonymous_2)
FN:162,(anonymous_3)
FN:168,(anonymous_4)
FN:174,(anonymous_5)
FN:178,(anonymous_6)
FN:184,(anonymous_7)
FN:191,(anonymous_8)
FN:204,(anonymous_9)
FN:214,(anonymous_10)
FN:218,(anonymous_11)
FN:234,(anonymous_12)
FN:250,(anonymous_13)
FN:267,(anonymous_14)
FN:282,(anonymous_15)
FN:286,(anonymous_16)
FNF:17
FNH:0
FNDA:0,(anonymous_0)
FNDA:0,(anonymous_1)
FNDA:0,(anonymous_2)
FNDA:0,(anonymous_3)
FNDA:0,(anonymous_4)
FNDA:0,(anonymous_5)
FNDA:0,(anonymous_6)
FNDA:0,(anonymous_7)
FNDA:0,(anonymous_8)
FNDA:0,(anonymous_9)
FNDA:0,(anonymous_10)
FNDA:0,(anonymous_11)
FNDA:0,(anonymous_12)
FNDA:0,(anonymous_13)
FNDA:0,(anonymous_14)
FNDA:0,(anonymous_15)
FNDA:0,(anonymous_16)
DA:1,1
DA:3,1
DA:137,1
DA:138,1
DA:139,1
DA:140,1
DA:141,1
DA:144,1
DA:145,0
DA:146,0
DA:147,0
DA:150,1
DA:151,0
DA:152,0
DA:153,0
DA:156,1
DA:157,0
DA:158,0
DA:159,0
DA:162,1
DA:163,0
DA:164,0
DA:165,0
DA:168,1
DA:169,0
DA:170,0
DA:171,0
DA:174,1
DA:175,0
DA:178,1
DA:179,0
DA:180,0
DA:184,1
DA:185,0
DA:191,1
DA:192,0
DA:194,0
DA:195,0
DA:196,0
DA:198,0
DA:204,1
DA:205,0
DA:214,1
DA:215,0
DA:218,1
DA:219,0
DA:234,1
DA:235,0
DA:250,1
DA:251,0
DA:267,1
DA:269,0
DA:270,0
DA:274,0
DA:275,0
DA:278,0
DA:282,1
DA:284,0
DA:285,0
DA:286,0
DA:287,0
DA:291,1
LF:62
LH:24
BRDA:175,0,0,0
BRDA:175,0,1,0
BRDA:179,1,0,0
BRDA:179,1,1,0
BRDA:191,2,0,0
BRDA:192,3,0,0
BRDA:192,4,0,0
BRDA:195,5,0,0
BRDA:195,5,1,0
BRDA:196,6,0,0
BRDA:196,6,1,0
BRDA:269,7,0,0
BRDA:269,7,1,0
BRDA:269,8,0,0
BRDA:269,8,1,0
BRDA:269,8,2,0
BRDA:274,9,0,0
BRDA:274,9,1,0
BRDA:274,10,0,0
BRDA:274,10,1,0
BRDA:274,10,2,0
BRF:21
BRH:0
end_of_record
TN:
SF:models\Payment.js
FN:327,(anonymous_0)
FN:335,(anonymous_1)
FN:344,(anonymous_2)
FN:351,(anonymous_3)
FN:357,(anonymous_4)
FN:363,(anonymous_5)
FN:375,(anonymous_6)
FN:385,(anonymous_7)
FN:391,(anonymous_8)
FN:399,(anonymous_9)
FN:410,(anonymous_10)
FN:420,(anonymous_11)
FN:422,(anonymous_12)
FN:423,(anonymous_13)
FN:436,(anonymous_14)
FN:451,(anonymous_15)
FN:458,(anonymous_16)
FN:474,(anonymous_17)
FN:482,(anonymous_18)
FN:489,(anonymous_19)
FN:497,(anonymous_20)
FN:504,(anonymous_21)
FN:521,(anonymous_22)
FN:536,(anonymous_23)
FN:539,(anonymous_24)
FNF:25
FNH:0
FNDA:0,(anonymous_0)
FNDA:0,(anonymous_1)
FNDA:0,(anonymous_2)
FNDA:0,(anonymous_3)
FNDA:0,(anonymous_4)
FNDA:0,(anonymous_5)
FNDA:0,(anonymous_6)
FNDA:0,(anonymous_7)
FNDA:0,(anonymous_8)
FNDA:0,(anonymous_9)
FNDA:0,(anonymous_10)
FNDA:0,(anonymous_11)
FNDA:0,(anonymous_12)
FNDA:0,(anonymous_13)
FNDA:0,(anonymous_14)
FNDA:0,(anonymous_15)
FNDA:0,(anonymous_16)
FNDA:0,(anonymous_17)
FNDA:0,(anonymous_18)
FNDA:0,(anonymous_19)
FNDA:0,(anonymous_20)
FNDA:0,(anonymous_21)
FNDA:0,(anonymous_22)
FNDA:0,(anonymous_23)
FNDA:0,(anonymous_24)
DA:1,1
DA:3,1
DA:318,1
DA:319,1
DA:320,1
DA:321,1
DA:322,1
DA:323,1
DA:324,1
DA:327,1
DA:328,0
DA:329,0
DA:330,0
DA:331,0
DA:332,0
DA:335,1
DA:336,0
DA:337,0
DA:338,0
DA:339,0
DA:341,0
DA:344,1
DA:345,0
DA:346,0
DA:347,0
DA:348,0
DA:351,1
DA:352,0
DA:353,0
DA:354,0
DA:357,1
DA:358,0
DA:359,0
DA:360,0
DA:363,1
DA:364,0
DA:365,0
DA:371,0
DA:372,0
DA:375,1
DA:376,0
DA:377,0
DA:378,0
DA:379,0
DA:380,0
DA:382,0
DA:385,1
DA:386,0
DA:387,0
DA:388,0
DA:391,1
DA:392,0
DA:393,0
DA:394,0
DA:395,0
DA:396,0
DA:399,1
DA:400,0
DA:407,0
DA:410,1
DA:411,0
DA:417,0
DA:420,1
DA:421,0
DA:422,0
DA:423,0
DA:425,0
DA:432,0
DA:436,1
DA:437,0
DA:439,0
DA:440,0
DA:442,0
DA:451,1
DA:452,0
DA:458,1
DA:459,0
DA:461,0
DA:474,1
DA:475,0
DA:482,1
DA:483,0
DA:489,1
DA:490,0
DA:497,1
DA:498,0
DA:504,1
DA:505,0
DA:506,0
DA:508,0
DA:521,1
DA:523,0
DA:524,0
DA:528,0
DA:529,0
DA:532,0
DA:536,1
DA:537,0
DA:538,0
DA:539,0
DA:540,0
DA:544,1
LF:102
LH:32
BRDA:335,0,0,0
BRDA:338,1,0,0
BRDA:338,1,1,0
BRDA:344,2,0,0
BRDA:366,3,0,0
BRDA:366,3,1,0
BRDA:367,4,0,0
BRDA:367,4,1,0
BRDA:375,5,0,0
BRDA:379,6,0,0
BRDA:379,6,1,0
BRDA:399,7,0,0
BRDA:423,8,0,0
BRDA:423,8,1,0
BRDA:436,9,0,0
BRDA:437,10,0,0
BRDA:437,11,0,0
BRDA:437,12,0,0
BRDA:440,13,0,0
BRDA:440,13,1,0
BRDA:458,14,0,0
BRDA:459,15,0,0
BRDA:459,16,0,0
BRDA:504,17,0,0
BRDA:506,18,0,0
BRDA:506,18,1,0
BRDA:523,19,0,0
BRDA:523,19,1,0
BRDA:523,20,0,0
BRDA:523,20,1,0
BRDA:528,21,0,0
BRDA:528,21,1,0
BRDA:528,22,0,0
BRDA:528,22,1,0
BRF:34
BRH:0
end_of_record
TN:
SF:models\Review.js
FN:359,(anonymous_0)
FN:367,(anonymous_1)
FN:377,(anonymous_2)
FN:382,(anonymous_3)
FN:392,(anonymous_4)
FN:395,(anonymous_5)
FN:434,(anonymous_6)
FN:450,(anonymous_7)
FN:457,(anonymous_8)
FN:463,(anonymous_9)
FN:466,(anonymous_10)
FN:473,(anonymous_11)
FN:488,(anonymous_12)
FN:504,(anonymous_13)
FN:520,(anonymous_14)
FN:531,(anonymous_15)
FN:542,(anonymous_16)
FN:553,(anonymous_17)
FN:573,(anonymous_18)
FN:591,(anonymous_19)
FN:609,(anonymous_20)
FN:612,(anonymous_21)
FNF:22
FNH:0
FNDA:0,(anonymous_0)
FNDA:0,(anonymous_1)
FNDA:0,(anonymous_2)
FNDA:0,(anonymous_3)
FNDA:0,(anonymous_4)
FNDA:0,(anonymous_5)
FNDA:0,(anonymous_6)
FNDA:0,(anonymous_7)
FNDA:0,(anonymous_8)
FNDA:0,(anonymous_9)
FNDA:0,(anonymous_10)
FNDA:0,(anonymous_11)
FNDA:0,(anonymous_12)
FNDA:0,(anonymous_13)
FNDA:0,(anonymous_14)
FNDA:0,(anonymous_15)
FNDA:0,(anonymous_16)
FNDA:0,(anonymous_17)
FNDA:0,(anonymous_18)
FNDA:0,(anonymous_19)
FNDA:0,(anonymous_20)
FNDA:0,(anonymous_21)
DA:1,1
DA:3,1
DA:350,1
DA:351,1
DA:352,1
DA:353,1
DA:354,1
DA:355,1
DA:356,1
DA:359,1
DA:360,0
DA:361,0
DA:362,0
DA:363,0
DA:364,0
DA:367,1
DA:368,0
DA:369,0
DA:370,0
DA:371,0
DA:372,0
DA:373,0
DA:374,0
DA:377,1
DA:378,0
DA:379,0
DA:382,1
DA:383,0
DA:389,0
DA:392,1
DA:394,0
DA:395,0
DA:398,0
DA:400,0
DA:401,0
DA:402,0
DA:404,0
DA:407,0
DA:408,0
DA:410,0
DA:411,0
DA:413,0
DA:418,0
DA:424,0
DA:425,0
DA:427,0
DA:431,0
DA:434,1
DA:435,0
DA:443,0
DA:444,0
DA:447,0
DA:450,1
DA:451,0
DA:457,0
DA:459,0
DA:460,0
DA:463,0
DA:466,1
DA:467,0
DA:468,0
DA:469,0
DA:473,1
DA:474,0
DA:476,0
DA:477,0
DA:479,0
DA:488,1
DA:489,0
DA:491,0
DA:492,0
DA:493,0
DA:495,0
DA:504,1
DA:505,0
DA:507,0
DA:508,0
DA:509,0
DA:511,0
DA:520,1
DA:521,0
DA:531,1
DA:532,0
DA:542,1
DA:543,0
DA:553,1
DA:554,0
DA:555,0
DA:556,0
DA:558,0
DA:573,1
DA:574,0
DA:575,0
DA:576,0
DA:578,0
DA:591,1
DA:593,0
DA:594,0
DA:598,0
DA:599,0
DA:600,0
DA:601,0
DA:602,0
DA:605,0
DA:609,1
DA:610,0
DA:611,0
DA:612,0
DA:613,0
DA:617,1
LF:110
LH:28
BRDA:367,0,0,0
BRDA:382,1,0,0
BRDA:398,2,0,0
BRDA:398,2,1,0
BRDA:400,3,0,0
BRDA:400,3,1,0
BRDA:401,4,0,0
BRDA:401,4,1,0
BRDA:410,5,0,0
BRDA:410,5,1,0
BRDA:424,6,0,0
BRDA:424,6,1,0
BRDA:434,7,0,0
BRDA:443,8,0,0
BRDA:443,8,1,0
BRDA:457,9,0,0
BRDA:457,9,1,0
BRDA:459,10,0,0
BRDA:459,10,1,0
BRDA:468,11,0,0
BRDA:468,11,1,0
BRDA:473,12,0,0
BRDA:474,13,0,0
BRDA:474,14,0,0
BRDA:474,15,0,0
BRDA:477,16,0,0
BRDA:477,16,1,0
BRDA:488,17,0,0
BRDA:489,18,0,0
BRDA:489,19,0,0
BRDA:489,20,0,0
BRDA:492,21,0,0
BRDA:492,21,1,0
BRDA:493,22,0,0
BRDA:493,22,1,0
BRDA:504,23,0,0
BRDA:505,24,0,0
BRDA:505,25,0,0
BRDA:505,26,0,0
BRDA:508,27,0,0
BRDA:508,27,1,0
BRDA:509,28,0,0
BRDA:509,28,1,0
BRDA:553,29,0,0
BRDA:553,30,0,0
BRDA:555,31,0,0
BRDA:555,31,1,0
BRDA:556,32,0,0
BRDA:556,32,1,0
BRDA:573,33,0,0
BRDA:573,34,0,0
BRDA:575,35,0,0
BRDA:575,35,1,0
BRDA:576,36,0,0
BRDA:576,36,1,0
BRDA:593,37,0,0
BRDA:593,37,1,0
BRDA:593,38,0,0
BRDA:593,38,1,0
BRDA:598,39,0,0
BRDA:598,39,1,0
BRDA:598,40,0,0
BRDA:598,40,1,0
BRF:63
BRH:0
end_of_record
TN:
SF:models\Service.js
FN:481,(anonymous_0)
FN:482,(anonymous_1)
FN:486,(anonymous_2)
FN:512,(anonymous_3)
FN:526,(anonymous_4)
FN:531,(anonymous_5)
FN:547,(anonymous_6)
FN:561,(anonymous_7)
FN:619,(anonymous_8)
FN:627,(anonymous_9)
FN:628,(anonymous_10)
FN:639,(anonymous_11)
FN:677,(anonymous_12)
FN:728,(anonymous_13)
FN:767,(anonymous_14)
FN:778,(anonymous_15)
FN:780,(anonymous_16)
FN:788,(anonymous_17)
FN:803,(anonymous_18)
FN:817,(anonymous_19)
FN:829,(anonymous_20)
FN:870,(anonymous_21)
FN:883,(anonymous_22)
FN:918,(anonymous_23)
FN:954,(anonymous_24)
FN:971,(anonymous_25)
FN:979,(anonymous_26)
FN:988,(anonymous_27)
FN:1004,(anonymous_28)
FNF:29
FNH:0
FNDA:0,(anonymous_0)
FNDA:0,(anonymous_1)
FNDA:0,(anonymous_2)
FNDA:0,(anonymous_3)
FNDA:0,(anonymous_4)
FNDA:0,(anonymous_5)
FNDA:0,(anonymous_6)
FNDA:0,(anonymous_7)
FNDA:0,(anonymous_8)
FNDA:0,(anonymous_9)
FNDA:0,(anonymous_10)
FNDA:0,(anonymous_11)
FNDA:0,(anonymous_12)
FNDA:0,(anonymous_13)
FNDA:0,(anonymous_14)
FNDA:0,(anonymous_15)
FNDA:0,(anonymous_16)
FNDA:0,(anonymous_17)
FNDA:0,(anonymous_18)
FNDA:0,(anonymous_19)
FNDA:0,(anonymous_20)
FNDA:0,(anonymous_21)
FNDA:0,(anonymous_22)
FNDA:0,(anonymous_23)
FNDA:0,(anonymous_24)
FNDA:0,(anonymous_25)
FNDA:0,(anonymous_26)
FNDA:0,(anonymous_27)
FNDA:0,(anonymous_28)
DA:1,1
DA:2,1
DA:4,1
DA:465,1
DA:466,1
DA:467,1
DA:468,1
DA:469,1
DA:472,1
DA:481,1
DA:482,0
DA:483,0
DA:486,1
DA:487,0
DA:499,0
DA:501,0
DA:502,0
DA:503,0
DA:504,0
DA:505,0
DA:506,0
DA:508,0
DA:512,1
DA:513,0
DA:514,0
DA:516,0
DA:517,0
DA:518,0
DA:519,0
DA:521,0
DA:526,1
DA:527,0
DA:528,0
DA:531,1
DA:532,0
DA:533,0
DA:535,0
DA:536,0
DA:539,0
DA:547,1
DA:548,0
DA:549,0
DA:552,0
DA:553,0
DA:554,0
DA:555,0
DA:556,0
DA:557,0
DA:561,1
DA:562,0
DA:564,0
DA:565,0
DA:566,0
DA:568,0
DA:569,0
DA:574,0
DA:575,0
DA:576,0
DA:578,0
DA:579,0
DA:584,0
DA:585,0
DA:589,0
DA:590,0
DA:594,0
DA:595,0
DA:596,0
DA:597,0
DA:600,0
DA:601,0
DA:602,0
DA:605,0
DA:606,0
DA:612,0
DA:614,0
DA:619,1
DA:620,0
DA:621,0
DA:624,0
DA:627,0
DA:628,0
DA:630,0
DA:631,0
DA:634,0
DA:636,0
DA:639,1
DA:640,0
DA:641,0
DA:643,0
DA:644,0
DA:647,0
DA:648,0
DA:650,0
DA:651,0
DA:653,0
DA:654,0
DA:657,0
DA:658,0
DA:662,0
DA:663,0
DA:664,0
DA:666,0
DA:667,0
DA:669,0
DA:670,0
DA:674,0
DA:677,1
DA:678,0
DA:679,0
DA:681,0
DA:682,0
DA:685,0
DA:686,0
DA:687,0
DA:689,0
DA:690,0
DA:692,0
DA:693,0
DA:694,0
DA:696,0
DA:697,0
DA:700,0
DA:701,0
DA:702,0
DA:703,0
DA:705,0
DA:706,0
DA:708,0
DA:709,0
DA:713,0
DA:714,0
DA:722,0
DA:725,0
DA:728,1
DA:730,0
DA:731,0
DA:735,0
DA:736,0
DA:737,0
DA:738,0
DA:740,0
DA:741,0
DA:743,0
DA:744,0
DA:748,0
DA:749,0
DA:750,0
DA:751,0
DA:752,0
DA:754,0
DA:760,0
DA:761,0
DA:764,0
DA:767,1
DA:768,0
DA:771,0
DA:772,0
DA:775,0
DA:778,1
DA:779,0
DA:780,0
DA:781,0
DA:783,0
DA:785,0
DA:788,1
DA:789,0
DA:790,0
DA:793,0
DA:794,0
DA:797,0
DA:799,0
DA:803,1
DA:804,0
DA:806,0
DA:807,0
DA:808,0
DA:809,0
DA:810,0
DA:812,0
DA:817,1
DA:818,0
DA:820,0
DA:821,0
DA:822,0
DA:824,0
DA:829,1
DA:830,0
DA:832,0
DA:833,0
DA:836,0
DA:837,0
DA:838,0
DA:839,0
DA:840,0
DA:841,0
DA:852,0
DA:853,0
DA:854,0
DA:855,0
DA:856,0
DA:857,0
DA:860,0
DA:863,0
DA:870,1
DA:871,0
DA:873,0
DA:874,0
DA:876,0
DA:883,1
DA:884,0
DA:886,0
DA:887,0
DA:888,0
DA:889,0
DA:890,0
DA:892,0
DA:907,0
DA:918,1
DA:919,0
DA:922,0
DA:923,0
DA:927,0
DA:928,0
DA:932,0
DA:933,0
DA:937,0
DA:938,0
DA:942,0
DA:943,0
DA:944,0
DA:945,0
DA:950,0
DA:954,1
DA:955,0
DA:957,0
DA:958,0
DA:959,0
DA:960,0
DA:963,0
DA:964,0
DA:967,0
DA:971,1
DA:972,0
DA:973,0
DA:974,0
DA:976,0
DA:979,1
DA:980,0
DA:981,0
DA:982,0
DA:984,0
DA:988,1
DA:989,0
DA:992,0
DA:993,0
DA:994,0
DA:995,0
DA:996,0
DA:997,0
DA:998,0
DA:1000,0
DA:1004,1
DA:1005,0
DA:1016,1
DA:1018,1
LF:265
LH:36
BRDA:483,0,0,0
BRDA:483,0,1,0
BRDA:483,1,0,0
BRDA:483,1,1,0
BRDA:499,2,0,0
BRDA:499,2,1,0
BRDA:501,3,0,0
BRDA:501,3,1,0
BRDA:503,4,0,0
BRDA:503,4,1,0
BRDA:505,5,0,0
BRDA:505,5,1,0
BRDA:513,6,0,0
BRDA:513,6,1,0
BRDA:518,7,0,0
BRDA:518,7,1,0
BRDA:528,8,0,0
BRDA:528,8,1,0
BRDA:535,9,0,0
BRDA:535,9,1,0
BRDA:535,10,0,0
BRDA:535,10,1,0
BRDA:548,11,0,0
BRDA:548,11,1,0
BRDA:553,12,0,0
BRDA:553,12,1,0
BRDA:554,13,0,0
BRDA:554,13,1,0
BRDA:555,14,0,0
BRDA:555,14,1,0
BRDA:556,15,0,0
BRDA:556,15,1,0
BRDA:564,16,0,0
BRDA:564,16,1,0
BRDA:568,17,0,0
BRDA:568,17,1,0
BRDA:568,18,0,0
BRDA:568,18,1,0
BRDA:574,19,0,0
BRDA:574,19,1,0
BRDA:578,20,0,0
BRDA:578,20,1,0
BRDA:584,21,0,0
BRDA:584,21,1,0
BRDA:589,22,0,0
BRDA:589,22,1,0
BRDA:589,23,0,0
BRDA:589,23,1,0
BRDA:595,24,0,0
BRDA:595,24,1,0
BRDA:596,25,0,0
BRDA:596,25,1,0
BRDA:600,26,0,0
BRDA:600,26,1,0
BRDA:600,27,0,0
BRDA:600,27,1,0
BRDA:601,28,0,0
BRDA:601,28,1,0
BRDA:605,29,0,0
BRDA:605,29,1,0
BRDA:605,30,0,0
BRDA:605,30,1,0
BRDA:643,31,0,0
BRDA:643,31,1,0
BRDA:643,32,0,0
BRDA:643,32,1,0
BRDA:657,33,0,0
BRDA:657,33,1,0
BRDA:657,34,0,0
BRDA:657,34,1,0
BRDA:662,35,0,0
BRDA:662,35,1,0
BRDA:662,36,0,0
BRDA:662,36,1,0
BRDA:669,37,0,0
BRDA:669,37,1,0
BRDA:669,38,0,0
BRDA:669,38,1,0
BRDA:677,39,0,0
BRDA:681,40,0,0
BRDA:681,40,1,0
BRDA:681,41,0,0
BRDA:681,41,1,0
BRDA:701,42,0,0
BRDA:701,42,1,0
BRDA:701,43,0,0
BRDA:701,43,1,0
BRDA:708,44,0,0
BRDA:708,44,1,0
BRDA:708,45,0,0
BRDA:708,45,1,0
BRDA:713,46,0,0
BRDA:713,46,1,0
BRDA:730,47,0,0
BRDA:730,47,1,0
BRDA:743,48,0,0
BRDA:743,48,1,0
BRDA:760,49,0,0
BRDA:760,49,1,0
BRDA:771,50,0,0
BRDA:771,50,1,0
BRDA:779,51,0,0
BRDA:779,51,1,0
BRDA:779,52,0,0
BRDA:779,52,1,0
BRDA:789,53,0,0
BRDA:789,53,1,0
BRDA:789,54,0,0
BRDA:789,54,1,0
BRDA:793,55,0,0
BRDA:793,55,1,0
BRDA:793,56,0,0
BRDA:793,56,1,0
BRDA:803,57,0,0
BRDA:806,58,0,0
BRDA:806,58,1,0
BRDA:807,59,0,0
BRDA:807,59,1,0
BRDA:808,60,0,0
BRDA:808,60,1,0
BRDA:809,61,0,0
BRDA:809,61,1,0
BRDA:810,62,0,0
BRDA:810,62,1,0
BRDA:817,63,0,0
BRDA:820,64,0,0
BRDA:820,64,1,0
BRDA:821,65,0,0
BRDA:821,65,1,0
BRDA:822,66,0,0
BRDA:822,66,1,0
BRDA:829,67,0,0
BRDA:832,68,0,0
BRDA:832,68,1,0
BRDA:836,69,0,0
BRDA:836,69,1,0
BRDA:837,70,0,0
BRDA:837,70,1,0
BRDA:838,71,0,0
BRDA:838,71,1,0
BRDA:839,72,0,0
BRDA:839,72,1,0
BRDA:840,73,0,0
BRDA:840,73,1,0
BRDA:847,74,0,0
BRDA:847,74,1,0
BRDA:853,75,0,0
BRDA:853,75,1,0
BRDA:854,76,0,0
BRDA:854,76,1,0
BRDA:855,77,0,0
BRDA:855,77,1,0
BRDA:856,78,0,0
BRDA:856,78,1,0
BRDA:857,79,0,0
BRDA:857,79,1,0
BRDA:857,80,0,0
BRDA:857,80,1,0
BRDA:867,81,0,0
BRDA:867,81,1,0
BRDA:870,82,0,0
BRDA:870,83,0,0
BRDA:873,84,0,0
BRDA:873,84,1,0
BRDA:874,85,0,0
BRDA:874,85,1,0
BRDA:883,86,0,0
BRDA:886,87,0,0
BRDA:886,87,1,0
BRDA:887,88,0,0
BRDA:887,88,1,0
BRDA:888,89,0,0
BRDA:888,89,1,0
BRDA:889,90,0,0
BRDA:889,90,1,0
BRDA:890,91,0,0
BRDA:890,91,1,0
BRDA:907,92,0,0
BRDA:907,92,1,0
BRDA:922,93,0,0
BRDA:922,93,1,0
BRDA:922,94,0,0
BRDA:922,94,1,0
BRDA:927,95,0,0
BRDA:927,95,1,0
BRDA:927,96,0,0
BRDA:927,96,1,0
BRDA:932,97,0,0
BRDA:932,97,1,0
BRDA:937,98,0,0
BRDA:937,98,1,0
BRDA:937,99,0,0
BRDA:937,99,1,0
BRDA:943,100,0,0
BRDA:943,100,1,0
BRDA:944,101,0,0
BRDA:944,101,1,0
BRDA:957,102,0,0
BRDA:957,102,1,0
BRDA:959,103,0,0
BRDA:959,103,1,0
BRDA:963,104,0,0
BRDA:963,104,1,0
BRDA:1004,105,0,0
BRF:204
BRH:0
end_of_record
TN:
SF:models\User.js
FN:67,(anonymous_0)
FN:280,(anonymous_1)
FN:284,(anonymous_2)
FN:298,(anonymous_3)
FN:312,(anonymous_4)
FN:330,(anonymous_5)
FN:336,(anonymous_6)
FN:344,(anonymous_7)
FN:369,(anonymous_8)
FN:379,(anonymous_9)
FN:389,(anonymous_10)
FN:393,(anonymous_11)
FN:397,(anonymous_12)
FN:401,(anonymous_13)
FN:405,(anonymous_14)
FN:410,(anonymous_15)
FN:414,(anonymous_16)
FN:422,(anonymous_17)
FN:438,(anonymous_18)
FN:447,(anonymous_19)
FN:453,(anonymous_20)
FN:460,(anonymous_21)
FN:464,(anonymous_22)
FN:468,(anonymous_23)
FN:477,(anonymous_24)
FN:490,(anonymous_25)
FN:503,(anonymous_26)
FN:513,(anonymous_27)
FN:526,(anonymous_28)
FN:540,(anonymous_29)
FN:551,(anonymous_30)
FN:568,(anonymous_31)
FNF:32
FNH:8
FNDA:0,(anonymous_0)
FNDA:2,(anonymous_1)
FNDA:2,(anonymous_2)
FNDA:2,(anonymous_3)
FNDA:20,(anonymous_4)
FNDA:20,(anonymous_5)
FNDA:0,(anonymous_6)
FNDA:0,(anonymous_7)
FNDA:0,(anonymous_8)
FNDA:0,(anonymous_9)
FNDA:0,(anonymous_10)
FNDA:0,(anonymous_11)
FNDA:0,(anonymous_12)
FNDA:0,(anonymous_13)
FNDA:0,(anonymous_14)
FNDA:0,(anonymous_15)
FNDA:0,(anonymous_16)
FNDA:0,(anonymous_17)
FNDA:0,(anonymous_18)
FNDA:0,(anonymous_19)
FNDA:0,(anonymous_20)
FNDA:0,(anonymous_21)
FNDA:0,(anonymous_22)
FNDA:0,(anonymous_23)
FNDA:2,(anonymous_24)
FNDA:2,(anonymous_25)
FNDA:0,(anonymous_26)
FNDA:0,(anonymous_27)
FNDA:0,(anonymous_28)
FNDA:5,(anonymous_29)
FNDA:0,(anonymous_30)
FNDA:0,(anonymous_31)
DA:1,1
DA:2,1
DA:3,1
DA:5,1
DA:68,0
DA:273,1
DA:274,1
DA:275,1
DA:276,1
DA:277,1
DA:280,1
DA:281,2
DA:284,1
DA:285,2
DA:286,0
DA:287,0
DA:288,0
DA:289,0
DA:291,0
DA:292,0
DA:295,0
DA:298,1
DA:299,2
DA:300,2
DA:308,2
DA:312,1
DA:313,20
DA:315,20
DA:318,11
DA:319,11
DA:322,11
DA:324,11
DA:326,0
DA:330,1
DA:331,20
DA:332,20
DA:336,1
DA:337,0
DA:338,0
DA:340,0
DA:344,1
DA:345,0
DA:347,0
DA:348,0
DA:352,0
DA:356,0
DA:359,0
DA:360,0
DA:363,0
DA:365,0
DA:369,1
DA:370,0
DA:371,0
DA:375,0
DA:379,1
DA:380,0
DA:381,0
DA:385,0
DA:389,1
DA:390,0
DA:393,1
DA:394,0
DA:397,1
DA:398,0
DA:401,1
DA:402,0
DA:405,1
DA:406,0
DA:410,1
DA:411,0
DA:414,1
DA:415,0
DA:422,1
DA:423,0
DA:438,1
DA:439,0
DA:447,1
DA:449,0
DA:450,0
DA:453,1
DA:455,0
DA:456,0
DA:460,1
DA:461,0
DA:464,1
DA:465,0
DA:468,1
DA:469,0
DA:473,0
DA:477,1
DA:478,2
DA:480,2
DA:485,2
DA:487,2
DA:490,1
DA:491,2
DA:493,2
DA:498,2
DA:500,2
DA:503,1
DA:504,0
DA:506,0
DA:507,0
DA:509,0
DA:513,1
DA:514,0
DA:515,0
DA:521,0
DA:522,0
DA:526,1
DA:527,0
DA:528,0
DA:534,0
DA:535,0
DA:540,1
DA:542,5
DA:551,1
DA:552,0
DA:555,0
DA:556,0
DA:557,0
DA:558,0
DA:559,0
DA:560,0
DA:561,0
DA:562,0
DA:563,0
DA:565,0
DA:568,1
DA:569,0
DA:572,0
DA:586,1
LF:132
LH:63
BRDA:281,0,0,2
BRDA:281,0,1,0
BRDA:285,1,0,2
BRDA:285,1,1,0
BRDA:291,2,0,0
BRDA:291,2,1,0
BRDA:291,3,0,0
BRDA:291,3,1,0
BRDA:291,3,2,0
BRDA:299,4,0,0
BRDA:299,4,1,2
BRDA:315,5,0,9
BRDA:315,5,1,11
BRDA:318,6,0,11
BRDA:318,6,1,0
BRDA:347,7,0,0
BRDA:347,7,1,0
BRDA:347,8,0,0
BRDA:347,8,1,0
BRDA:359,9,0,0
BRDA:359,9,1,0
BRDA:359,10,0,0
BRDA:359,10,1,0
BRDA:422,11,0,0
BRDA:461,12,0,0
BRDA:461,12,1,0
BRDA:465,13,0,0
BRDA:465,13,1,0
BRDA:465,13,2,0
BRDA:469,14,0,0
BRDA:469,14,1,0
BRDA:540,15,0,3
BRDA:543,16,0,5
BRDA:543,16,1,0
BRF:34
BRH:8
end_of_record
TN:
SF:services\emailService.js
FN:8,(anonymous_0)
FN:15,(anonymous_1)
FN:41,(anonymous_2)
FN:78,(anonymous_3)
FN:91,(anonymous_4)
FN:131,(anonymous_5)
FN:163,(anonymous_6)
FN:176,(anonymous_7)
FN:193,(anonymous_8)
FN:210,(anonymous_9)
FN:225,(anonymous_10)
FN:240,(anonymous_11)
FN:255,(anonymous_12)
FN:270,(anonymous_13)
FN:285,(anonymous_14)
FN:300,(anonymous_15)
FN:315,(anonymous_16)
FN:330,(anonymous_17)
FN:345,(anonymous_18)
FN:360,(anonymous_19)
FN:375,(anonymous_20)
FN:383,(anonymous_21)
FN:387,(anonymous_22)
FN:388,(anonymous_23)
FN:401,(anonymous_24)
FNF:25
FNH:0
FNDA:0,(anonymous_0)
FNDA:0,(anonymous_1)
FNDA:0,(anonymous_2)
FNDA:0,(anonymous_3)
FNDA:0,(anonymous_4)
FNDA:0,(anonymous_5)
FNDA:0,(anonymous_6)
FNDA:0,(anonymous_7)
FNDA:0,(anonymous_8)
FNDA:0,(anonymous_9)
FNDA:0,(anonymous_10)
FNDA:0,(anonymous_11)
FNDA:0,(anonymous_12)
FNDA:0,(anonymous_13)
FNDA:0,(anonymous_14)
FNDA:0,(anonymous_15)
FNDA:0,(anonymous_16)
FNDA:0,(anonymous_17)
FNDA:0,(anonymous_18)
FNDA:0,(anonymous_19)
FNDA:0,(anonymous_20)
FNDA:0,(anonymous_21)
FNDA:0,(anonymous_22)
FNDA:0,(anonymous_23)
FNDA:0,(anonymous_24)
DA:1,0
DA:2,0
DA:3,0
DA:4,0
DA:5,0
DA:9,0
DA:10,0
DA:11,0
DA:12,0
DA:16,0
DA:18,0
DA:32,0
DA:33,0
DA:36,0
DA:42,0
DA:43,0
DA:46,0
DA:56,0
DA:57,0
DA:58,0
DA:59,0
DA:60,0
DA:61,0
DA:64,0
DA:65,0
DA:69,0
DA:72,0
DA:74,0
DA:80,0
DA:92,0
DA:132,0
DA:133,0
DA:134,0
DA:137,0
DA:145,0
DA:147,0
DA:152,0
DA:155,0
DA:159,0
DA:165,0
DA:177,0
DA:179,0
DA:186,0
DA:187,0
DA:189,0
DA:194,0
DA:196,0
DA:203,0
DA:204,0
DA:206,0
DA:211,0
DA:218,0
DA:219,0
DA:221,0
DA:226,0
DA:233,0
DA:234,0
DA:236,0
DA:241,0
DA:248,0
DA:249,0
DA:251,0
DA:256,0
DA:263,0
DA:264,0
DA:266,0
DA:271,0
DA:278,0
DA:279,0
DA:281,0
DA:286,0
DA:293,0
DA:294,0
DA:296,0
DA:301,0
DA:308,0
DA:309,0
DA:311,0
DA:316,0
DA:323,0
DA:324,0
DA:326,0
DA:331,0
DA:338,0
DA:339,0
DA:341,0
DA:346,0
DA:353,0
DA:354,0
DA:356,0
DA:361,0
DA:368,0
DA:369,0
DA:371,0
DA:376,0
DA:377,0
DA:378,0
DA:379,0
DA:382,0
DA:383,0
DA:385,0
DA:387,0
DA:388,0
DA:390,0
DA:392,0
DA:395,0
DA:396,0
DA:402,0
DA:403,0
DA:404,0
DA:407,0
DA:408,0
DA:411,0
DA:416,0
LF:114
LH:0
BRDA:19,0,0,0
BRDA:19,0,1,0
BRDA:20,1,0,0
BRDA:20,1,1,0
BRDA:131,2,0,0
BRDA:133,3,0,0
BRDA:133,3,1,0
BRDA:138,4,0,0
BRDA:138,4,1,0
BRDA:142,5,0,0
BRDA:142,5,1,0
BRDA:177,6,0,0
BRDA:177,6,1,0
BRDA:194,7,0,0
BRDA:194,7,1,0
BRDA:214,8,0,0
BRDA:214,8,1,0
BRDA:229,9,0,0
BRDA:229,9,1,0
BRDA:240,10,0,0
BRDA:243,11,0,0
BRDA:243,11,1,0
BRDA:244,12,0,0
BRDA:244,12,1,0
BRDA:259,13,0,0
BRDA:259,13,1,0
BRDA:272,14,0,0
BRDA:272,14,1,0
BRDA:274,15,0,0
BRDA:274,15,1,0
BRDA:275,16,0,0
BRDA:275,16,1,0
BRDA:279,17,0,0
BRDA:279,17,1,0
BRDA:289,18,0,0
BRDA:289,18,1,0
BRDA:304,19,0,0
BRDA:304,19,1,0
BRDA:319,20,0,0
BRDA:319,20,1,0
BRDA:334,21,0,0
BRDA:334,21,1,0
BRDA:349,22,0,0
BRDA:349,22,1,0
BRDA:364,23,0,0
BRDA:364,23,1,0
BRDA:378,24,0,0
BRDA:378,24,1,0
BRDA:403,25,0,0
BRDA:403,25,1,0
BRF:50
BRH:0
end_of_record
TN:
SF:services\paymentService.js
FN:5,(anonymous_0)
FN:10,(anonymous_1)
FN:24,(anonymous_2)
FN:98,(anonymous_3)
FN:161,(anonymous_4)
FN:219,(anonymous_5)
FN:248,(anonymous_6)
FN:281,(anonymous_7)
FN:285,(anonymous_8)
FN:307,(anonymous_9)
FN:312,(anonymous_10)
FN:313,(anonymous_11)
FN:333,(anonymous_12)
FN:346,(anonymous_13)
FN:364,(anonymous_14)
FN:368,(anonymous_15)
FN:384,(anonymous_16)
FN:434,(anonymous_17)
FN:454,(anonymous_18)
FN:483,(anonymous_19)
FN:503,(anonymous_20)
FNF:21
FNH:0
FNDA:0,(anonymous_0)
FNDA:0,(anonymous_1)
FNDA:0,(anonymous_2)
FNDA:0,(anonymous_3)
FNDA:0,(anonymous_4)
FNDA:0,(anonymous_5)
FNDA:0,(anonymous_6)
FNDA:0,(anonymous_7)
FNDA:0,(anonymous_8)
FNDA:0,(anonymous_9)
FNDA:0,(anonymous_10)
FNDA:0,(anonymous_11)
FNDA:0,(anonymous_12)
FNDA:0,(anonymous_13)
FNDA:0,(anonymous_14)
FNDA:0,(anonymous_15)
FNDA:0,(anonymous_16)
FNDA:0,(anonymous_17)
FNDA:0,(anonymous_18)
FNDA:0,(anonymous_19)
FNDA:0,(anonymous_20)
DA:1,0
DA:2,0
DA:6,0
DA:11,0
DA:12,0
DA:16,0
DA:19,0
DA:25,0
DA:36,0
DA:39,0
DA:40,0
DA:44,0
DA:76,0
DA:78,0
DA:84,0
DA:92,0
DA:93,0
DA:99,0
DA:109,0
DA:112,0
DA:113,0
DA:117,0
DA:135,0
DA:137,0
DA:143,0
DA:155,0
DA:156,0
DA:162,0
DA:170,0
DA:173,0
DA:174,0
DA:178,0
DA:194,0
DA:196,0
DA:202,0
DA:213,0
DA:214,0
DA:220,0
DA:221,0
DA:223,0
DA:227,0
DA:242,0
DA:243,0
DA:249,0
DA:250,0
DA:252,0
DA:254,0
DA:259,0
DA:261,0
DA:266,0
DA:275,0
DA:276,0
DA:282,0
DA:283,0
DA:285,0
DA:296,0
DA:298,0
DA:301,0
DA:302,0
DA:308,0
DA:309,0
DA:311,0
DA:312,0
DA:313,0
DA:324,0
DA:327,0
DA:328,0
DA:334,0
DA:335,0
DA:340,0
DA:341,0
DA:344,0
DA:346,0
DA:355,0
DA:358,0
DA:359,0
DA:365,0
DA:366,0
DA:368,0
DA:375,0
DA:378,0
DA:379,0
DA:385,0
DA:394,0
DA:397,0
DA:398,0
DA:402,0
DA:416,0
DA:418,0
DA:428,0
DA:429,0
DA:435,0
DA:437,0
DA:440,0
DA:441,0
DA:445,0
DA:448,0
DA:449,0
DA:455,0
DA:456,0
DA:457,0
DA:460,0
DA:461,0
DA:463,0
DA:468,0
DA:477,0
DA:478,0
DA:484,0
DA:487,0
DA:497,0
DA:498,0
DA:504,0
DA:506,0
DA:507,0
DA:514,0
DA:516,0
DA:522,0
DA:530,0
LF:118
LH:0
BRDA:39,0,0,0
BRDA:39,0,1,0
BRDA:39,1,0,0
BRDA:39,1,1,0
BRDA:39,1,2,0
BRDA:47,2,0,0
BRDA:47,2,1,0
BRDA:54,3,0,0
BRDA:54,3,1,0
BRDA:57,4,0,0
BRDA:57,4,1,0
BRDA:60,5,0,0
BRDA:60,5,1,0
BRDA:61,6,0,0
BRDA:61,6,1,0
BRDA:63,7,0,0
BRDA:63,7,1,0
BRDA:64,8,0,0
BRDA:64,8,1,0
BRDA:65,9,0,0
BRDA:65,9,1,0
BRDA:78,10,0,0
BRDA:78,10,1,0
BRDA:88,11,0,0
BRDA:88,11,1,0
BRDA:112,12,0,0
BRDA:112,12,1,0
BRDA:112,13,0,0
BRDA:112,13,1,0
BRDA:112,13,2,0
BRDA:112,13,3,0
BRDA:121,14,0,0
BRDA:121,14,1,0
BRDA:124,15,0,0
BRDA:124,15,1,0
BRDA:131,16,0,0
BRDA:131,16,1,0
BRDA:173,17,0,0
BRDA:173,17,1,0
BRDA:173,18,0,0
BRDA:173,18,1,0
BRDA:173,18,2,0
BRDA:183,19,0,0
BRDA:183,19,1,0
BRDA:190,20,0,0
BRDA:190,20,1,0
BRDA:248,21,0,0
BRDA:248,22,0,0
BRDA:252,23,0,0
BRDA:252,23,1,0
BRDA:261,24,0,0
BRDA:261,24,1,0
BRDA:333,25,0,0
BRDA:340,26,0,0
BRDA:340,26,1,0
BRDA:397,27,0,0
BRDA:397,27,1,0
BRDA:397,28,0,0
BRDA:397,28,1,0
BRDA:397,28,2,0
BRDA:397,28,3,0
BRDA:397,28,4,0
BRDA:410,29,0,0
BRDA:410,29,1,0
BRDA:411,30,0,0
BRDA:411,30,1,0
BRDA:437,31,0,0
BRDA:437,31,1,0
BRDA:440,32,0,0
BRDA:440,32,1,0
BRDA:440,33,0,0
BRDA:440,33,1,0
BRDA:440,33,2,0
BRDA:456,34,0,0
BRDA:456,34,1,0
BRDA:456,35,0,0
BRDA:456,35,1,0
BRDA:456,35,2,0
BRDA:483,36,0,0
BRDA:506,37,0,0
BRDA:506,37,1,0
BRF:81
BRH:0
end_of_record
